#
# There is insufficient memory for the Java Runtime Environment to continue.
# Native memory allocation (malloc) failed to allocate 32744 bytes for ChunkPool::allocate
# Possible reasons:
#   The system is out of physical RAM or swap space
#   In 32 bit mode, the process size limit was hit
# Possible solutions:
#   Reduce memory load on the system
#   Increase physical memory or swap space
#   Check if swap backing store is full
#   Use 64 bit Java on a 64 bit OS
#   Decrease Java heap size (-Xmx/-Xms)
#   Decrease number of Java threads
#   Decrease Java thread stack sizes (-Xss)
#   Set larger code cache with -XX:ReservedCodeCacheSize=
# This output file may be truncated or incomplete.
#
#  Out of Memory Error (allocation.cpp:273), pid=533460, tid=0x00000000000822d4
#
# JRE version: OpenJDK Runtime Environment (8.0_76-b03) (build 1.8.0_76-release-b03)
# Java VM: OpenJDK 64-Bit Server VM (25.76-b03 mixed mode windows-amd64 compressed oops)
# Failed to write core dump. Minidumps are not enabled by default on client versions of Windows
#

---------------  T H R E A D  ---------------

Current thread (0x00000000151ad800):  JavaThread "C1 CompilerThread2" daemon [_thread_in_native, id=533204, stack(0x0000000016a30000,0x0000000016b30000)]

Stack: [0x0000000016a30000,0x0000000016b30000]
[error occurred during error reporting (printing stack bounds), id 0xc0000005]

Native frames: (J=compiled Java code, j=interpreted, Vv=VM code, C=native code)


Current CompileTask:
C1:    565   84       3       sun.nio.cs.UTF_8$Decoder::decode (779 bytes)


---------------  P R O C E S S  ---------------

Java Threads: ( => current thread )
  0x0000000016b34000 JavaThread "Service Thread" daemon [_thread_blocked, id=532764, stack(0x0000000016f30000,0x0000000017030000)]
=>0x00000000151ad800 JavaThread "C1 CompilerThread2" daemon [_thread_in_native, id=533204, stack(0x0000000016a30000,0x0000000016b30000)]
  0x00000000151a7000 JavaThread "C2 CompilerThread1" daemon [_thread_blocked, id=533572, stack(0x0000000016930000,0x0000000016a30000)]
  0x000000001514f000 JavaThread "C2 CompilerThread0" daemon [_thread_blocked, id=533532, stack(0x0000000016830000,0x0000000016930000)]
  0x000000001514c800 JavaThread "Attach Listener" daemon [_thread_blocked, id=533528, stack(0x0000000016730000,0x0000000016830000)]
  0x000000001514b800 JavaThread "Signal Dispatcher" daemon [_thread_blocked, id=532372, stack(0x0000000016630000,0x0000000016730000)]
  0x0000000015137800 JavaThread "Finalizer" daemon [_thread_blocked, id=531068, stack(0x00000000163b0000,0x00000000164b0000)]
  0x0000000015116800 JavaThread "Reference Handler" daemon [_thread_blocked, id=532820, stack(0x00000000162b0000,0x00000000163b0000)]
  0x00000000027ee000 JavaThread "main" [_thread_in_vm, id=533632, stack(0x0000000002880000,0x0000000002980000)]

Other Threads:
  0x0000000015114800 VMThread [stack: 0x00000000161b0000,0x00000000162b0000] [id=533656]
  0x0000000016b36000 WatcherThread [stack: 0x0000000017030000,0x0000000017130000] [id=532736]

VM state:not at safepoint (normal execution)

VM Mutex/Monitor currently owned by a thread:  ([mutex/lock_event])
[0x00000000027ecaa0] AdapterHandlerLibrary_lock - owner thread: 0x00000000027ee000

Heap:
 PSYoungGen      total 28672K, used 1966K [0x00000000eab00000, 0x00000000ecb00000, 0x0000000100000000)
  eden space 24576K, 8% used [0x00000000eab00000,0x00000000eaceb968,0x00000000ec300000)
  from space 4096K, 0% used [0x00000000ec700000,0x00000000ec700000,0x00000000ecb00000)
  to   space 4096K, 0% used [0x00000000ec300000,0x00000000ec300000,0x00000000ec700000)
 ParOldGen       total 65536K, used 0K [0x00000000c0000000, 0x00000000c4000000, 0x00000000eab00000)
  object space 65536K, 0% used [0x00000000c0000000,0x00000000c0000000,0x00000000c4000000)
 Metaspace       used 3202K, capacity 4720K, committed 4864K, reserved 1056768K
  class space    used 343K, capacity 424K, committed 512K, reserved 1048576K

Card table byte_map: [0x0000000011e40000,0x0000000012050000] byte_map_base: 0x0000000011840000

Marking Bits: (ParMarkBitMap*) 0x0000000051fa9d00
 Begin Bits: [0x00000000125b0000, 0x00000000135b0000)
 End Bits:   [0x00000000135b0000, 0x00000000145b0000)

Polling page: 0x0000000002750000

CodeCache: size=245760Kb used=1209Kb max_used=1209Kb free=244550Kb
 bounds [0x0000000002a80000, 0x0000000002cf0000, 0x0000000011a80000]
 total_blobs=324 nmethods=85 adapters=153
 compilation: enabled

Compilation events (10 events):
Event: 0.499 Thread 0x00000000151ad800 nmethod 78 0x0000000002bac810 code [0x0000000002bac980, 0x0000000002bacb90]
Event: 0.500 Thread 0x00000000151ad800   79       3       java.util.zip.ZipFile::access$400 (5 bytes)
Event: 0.500 Thread 0x00000000151ad800 nmethod 79 0x0000000002baccd0 code [0x0000000002bace20, 0x0000000002bacf50]
Event: 0.559 Thread 0x00000000151ad800   81       1       java.util.zip.ZipFile::access$300 (5 bytes)
Event: 0.559 Thread 0x00000000151ad800 nmethod 81 0x0000000002bad3d0 code [0x0000000002bad520, 0x0000000002bad610]
Event: 0.559 Thread 0x00000000151ad800   82       3       java.util.zip.ZipFile::ensureOpen (37 bytes)
Event: 0.560 Thread 0x00000000151ad800 nmethod 82 0x0000000002bad690 code [0x0000000002bad820, 0x0000000002badaf8]
Event: 0.560 Thread 0x00000000151ad800   83       1       java.util.zip.ZipCoder::isUTF8 (5 bytes)
Event: 0.560 Thread 0x00000000151ad800 nmethod 83 0x0000000002badc10 code [0x0000000002badd60, 0x0000000002bade70]
Event: 0.560 Thread 0x00000000151ad800   84       3       sun.nio.cs.UTF_8$Decoder::decode (779 bytes)

GC Heap History (0 events):
No events

Deoptimization events (0 events):
No events

Internal exceptions (2 events):
Event: 0.197 Thread 0x00000000027ee000 Exception <a 'java/lang/NoSuchMethodError': Method sun.misc.Unsafe.defineClass(Ljava/lang/String;[BII)Ljava/lang/Class; name or signature does not match> (0x00000000eab07cc0) thrown at [C:\src\android\AOSP-openjdk\external\jetbrains\jdk\hotspot\src\share\vþ£ý¥•9É?
Event: 0.197 Thread 0x00000000027ee000 Exception <a 'java/lang/NoSuchMethodError': Method sun.misc.Unsafe.prefetchRead(Ljava/lang/Object;J)V name or signature does not match> (0x00000000eab07fa8) thrown at [C:\src\android\AOSP-openjdk\external\jetbrains\jdk\hotspot\src\share\vm\prims\jni.cpp, l

Events (10 events):
Event: 0.495 loading class java/util/concurrent/LinkedBlockingQueue$Node
Event: 0.495 loading class java/util/concurrent/LinkedBlockingQueue$Node done
Event: 0.496 loading class com/android/dx/cf/direct/ClassPathOpener
Event: 0.496 loading class com/android/dx/cf/direct/ClassPathOpener done
Event: 0.497 loading class com/android/dx/cf/direct/ClassPathOpener$1
Event: 0.497 loading class com/android/dx/cf/direct/ClassPathOpener$1 done
Event: 0.497 loading class com/android/dx/command/dexer/Main$FileBytesConsumer
Event: 0.497 loading class com/android/dx/command/dexer/Main$FileBytesConsumer done
Event: 0.499 loading class java/util/zip/ZipFile$ZipEntryIterator
Event: 0.499 loading class java/util/zip/ZipFile$ZipEntryIterator done


Dynamic libraries:
0x00007ff614e50000 - 0x00007ff614e81000 	C:\Windows\SYSTEM32\sechost.dll
0x00007ffcc7550000 - 0x00007ffcc76fc000 	C:\Windows\system32\GDI32.dll
0x00007ffcc4e50000 - 0x00007ffcc4f8e000 	C:\Windows\system32\MSCTF.dll0x00007ffcc4ab0000 - 0x00007ffcc4bc5000 	C:\Windows\system32\KERNELBASE.dll
0x00007ffcc4bd0000 - 0x00007ffcc4c7a000 	C:\Windows\system32\ADVAPI32.dll
0x00007ffcc7270000 - 0x00007ffcc73e7000 	C:\Windows\SYSTEM32\WINMM.dll
0x00007ffcc22e0000 - 0x00007ffcc255a000 	C:\Windows\SYSTEM32\VERSION.dll
0x00007ffcc71c0000 - 0x00007ffcc726a000 	C:\Windows\system32\msvcrt.dll
0x00007ffcc7050000 - 0x00007ffcc70a9000 	C:\Windows\SYSTEM32\sechost.dll
0x00007ffcc73f0000 - 0x00007ffcc7531000 	C:\Windows\system32\RPCRT4.dll
0x00007ffcc4f90000 - 0x00007ffcc50e1000 	C:\Windows\system32\GDI32.dll
0x00007ffcc7180000 - 0x00007ffcc71b6000 	C:\Windows\SYSTEM32\DEVOBJ.dll
0x00007ffcc4c90000 - 0x00007ffcc4de2000 	C:\Users\Nermina Cergic\Downloads\android-studio-ide-145.3225885-windows\android-studio\jre\jre\bin\verify.dll
0x0000000051710000 - 0x00000000517e2000 	C:\Users\Nermina Cergic\Downloads\android-studio-ide-145.3225885-windows\android-studio\jre\jre\bin\msvcr100.dll
0x00000000517f0000 - 0x0000000052024000 	C:\Users\Nermina Cergic\Downloads\android-studio-ide-145.3225885-windows\android-studio\jre\jre\bin\server\jvm.dll
0x00007ffcc0d90000 - 0x00007ffcc0d99000 	C:\Windows\SYSTEM32\WSOCK32.dll
0x00007ffcbcef0000 - 0x00007ffcbcf12000 	C:\Windows\SYSTEM32\WINMM.dll
0x00007ffcc21a0000 - 0x00007ffcc21aa000 	C:\Windows\system32\ADVAPI32.dll
0x00007ffcc68e0000 - 0x00007ffcc68e7000 	C:\Windows\SYSTEM32\sechost.dll
0x00007ffcc6ff0000 - 0x00007ffcc704a000 	C:\Windows\system32\IMM32.DLL
0x00007ffcbcec0000 - 0x00007ffcbceea000 	C:\Users\Nermina Cergic\Downloads\android-studio-ide-145.3225885-windows\android-studio\jre\jre\bin\msvcr100.dll
0x00007ffcc7540000 - 0x00007ffcc7549000 	C:\Windows\SYSTEM32\WINMM.dll
0x00007ffcc4770000 - 0x00007ffcc47bf000 	C:\Windows\system32\PSAPI.DLL
0x00007ffcc34b0000 - 0x00007ffcc34d8000 	C:\Windows\SYSTEM32\WINMMBASE.dll
0x00007ffcc0b90000 - 0x00007ffcc0b9f000 	C:\Users\Nermina Cergic\Downloads\android-studio-ide-145.3225885-windows\android-studio\jre\jre\bin\verify.dll
0x00007ffcb25b0000 - 0x00007ffcb25d9000 	C:\Windows\SYSTEM32\DEVOBJ.dll
0x00007ffcb2760000 - 0x00007ffcb2776000 	C:\Users\Nermina Cergic\Downloads\android-studio-ide-145.3225885-windows\android-studio\jre\jre\bin\java.dll
0x00007ffcc53b0000 - 0x00007ffcc68c9000 	C:\Windows\system32\SHELL32.dll
0x00007ffcc68f0000 - 0x00007ffcc6b01000 	C:\Windows\SYSTEM32\combase.dll
0x00007ffcc4df0000 - 0x00007ffcc4e44000 	C:\Windows\WinSxS\amd64_microsoft.windows.common-controls_6595b64144ccf1df_6.0.9600.17810_none_6240b9c7ecbd0bda\COMCTL32.dll
0x00007ffcc2bf0000 - 0x00007ffcc2ca2000 	C:\Windows\system32\GDI32.dll
0x00007ffcc46a0000 - 0x00007ffcc46b5000 	C:\Users\Nermina Cergic\Downloads\android-studio-ide-145.3225885-windows\android-studio\jre\jre\bin\server\jvm.dll

VM Arguments:
jvm_args: -Djava.awt.headless=true -Xmx1024M -Dfile.encoding=windows-1250 -Duser.country=US -Duser.language=en -Duser.variant 
java_command: com.android.dx.command.Main --dex --num-threads=4 --output C:\Users\Nermina Cergic\AndroidStudioProjects\Wurth_Android_APP\WURTH\build\intermediates\pre-dexed\debug\com.android.support-support-compat-24.2.0_bc11f9f6d38feb42680a9fe5446225f010d6d830.jar C:\Users\Nermina Cergic\AndroidStudioProjects\Wurth_Android_APP\WURTH\build\intermediates\exploded-aar\com.android.support\support-compat\24.2.0\jars\classes.jar
java_class_path (initial): C:\Users\Nermina Cergic\AppData\Local\Android\sdk\build-tools\23.0.2\lib\dx.jar
Launcher Type: SUN_STANDARD

Environment Variables:
PATH=C:\ProgramData\Oracle\Java\javapath;C:\Windows\system32;C:\Windows;C:\Windows\System32\Wbem;C:\Windows\System32\WindowsPowerShell\v1.0\;C:\Program Files (x86)\ATI Technologies\ATI.ACE\Core-Static;C:\Program Files (x86)\Windows Kits\8.1\Windows Performance Toolkit\;C:\Program Files\Microsoft SQL Server\110\Tools\Binn\;C:\Program Files (x86)\Microsoft SDKs\TypeScript\1.0\;C:\Program Files\Microsoft SQL Server\120\Tools\Binn\;C:\Program Files\Microsoft SQL Server\120\DTS\Binn\;C:\Program Files\Microsoft SQL Server\Client SDK\ODBC\110\Tools\Binn\;C:\Program Files (x86)\Microsoft SQL Server\120\Tools\Binn\ManagementStudio\;C:\Program Files (x86)\Microsoft SQL Server\120\Tools\Binn\;C:\Program Files (x86)\Microsoft SQL Server\120\DTS\Binn\;C:\Program Files (x86)\Git\cmd\;C:\Program Files (x86)\Skype\Phone\;C:\Program Files (x86)\nodejs\; C:\Python27;c:\Program Files (x86)\Microsoft SQL Server\100\Tools\Binn\;c:\Program Files\Microsoft SQL Server\100\Tools\Binn\;c:\Program Files\Microsoft SQL Server\100\DTS\Binn\;C:\Program Files (x86)\MySQL\MySQL Fabric 1.5 & MySQL Utilities 1.5\;C:\Program Files (x86)\MySQL\MySQL Fabric 1.5 & MySQL Utilities 1.5\Doctrine extensions for PHP\;C:\Users\Nermina Cergic\AppData\Roaming\npm;
USERNAME=Nermina Cergic
OS=Windows_NT
PROCESSOR_IDENTIFIER=Intel64 Family 6 Model 42 Stepping 7, GenuineIntel



---------------  S Y S T E M  ---------------

OS: Windows 8.1 , 64 bit Build 9600 (6.3.9600.17415)

CPU:total 4 (2 cores per cpu, 2 threads per core) family 6 model 42 stepping 7, cmov, cx8, fxsr, mmx, sse, sse2, sse3, ssse3, sse4.1, sse4.2, popcnt, avx, clmul, ht, tsc, tscinvbit

Memory: 4k page, physical 6224236k(921096k free), swap 14338660k(4416k free)

vm_info: OpenJDK 64-Bit Server VM (25.76-b03) for windows-amd64 JRE (1.8.0_76-release-b03), built on Jun 29 2016 19:09:20 by "ralucas" with MS VC++ 10.0 (VS2010)

time: Thu Oct 20 10:42:32 2016
elapsed time: 0 seconds (0d 0h 0m 0s)

