#
# There is insufficient memory for the Java Runtime Environment to continue.
# Native memory allocation (malloc) failed to allocate 190416 bytes for Chunk::new
# Possible reasons:
#   The system is out of physical RAM or swap space
#   In 32 bit mode, the process size limit was hit
# Possible solutions:
#   Reduce memory load on the system
#   Increase physical memory or swap space
#   Check if swap backing store is full
#   Use 64 bit Java on a 64 bit OS
#   Decrease Java heap size (-Xmx/-Xms)
#   Decrease number of Java threads
#   Decrease Java thread stack sizes (-Xss)
#   Set larger code cache with -XX:ReservedCodeCacheSize=
# This output file may be truncated or incomplete.
#
#  Out of Memory Error (allocation.cpp:390), pid=533144, tid=0x0000000000081668
#
# JRE version: OpenJDK Runtime Environment (8.0_76-b03) (build 1.8.0_76-release-b03)
# Java VM: OpenJDK 64-Bit Server VM (25.76-b03 mixed mode windows-amd64 compressed oops)
# Failed to write core dump. Minidumps are not enabled by default on client versions of Windows
#

---------------  T H R E A D  ---------------

Current thread (0x0000000014c87000):  JavaThread "C2 CompilerThread1" daemon [_thread_in_native, id=530024, stack(0x0000000016450000,0x0000000016550000)]

Stack: [0x0000000016450000,0x0000000016550000]
[error occurred during error reporting (printing stack bounds), id 0xc0000005]

Native frames: (J=compiled Java code, j=interpreted, Vv=VM code, C=native code)


Current CompileTask:
C2:   8176 1803   !   4       com.android.dx.rop.type.Type::intern (319 bytes)


---------------  P R O C E S S  ---------------

Java Threads: ( => current thread )
  0x00000000168e3800 JavaThread "pool-1-thread-4" [_thread_blocked, id=533608, stack(0x0000000017050000,0x0000000017150000)]
  0x00000000168e2000 JavaThread "pool-1-thread-3" [_thread_blocked, id=534052, stack(0x0000000016f50000,0x0000000017050000)]
  0x00000000168e1800 JavaThread "pool-1-thread-2" [_thread_in_Java, id=533728, stack(0x0000000016e50000,0x0000000016f50000)]
  0x00000000168bb800 JavaThread "pool-2-thread-1" [_thread_blocked, id=533620, stack(0x0000000016d50000,0x0000000016e50000)]
  0x00000000168b7000 JavaThread "pool-1-thread-1" [_thread_blocked, id=533616, stack(0x0000000016c50000,0x0000000016d50000)]
  0x0000000016653000 JavaThread "Service Thread" daemon [_thread_blocked, id=533544, stack(0x0000000016a50000,0x0000000016b50000)]
  0x0000000014c8a000 JavaThread "C1 CompilerThread2" daemon [_thread_blocked, id=531084, stack(0x0000000016550000,0x0000000016650000)]
=>0x0000000014c87000 JavaThread "C2 CompilerThread1" daemon [_thread_in_native, id=530024, stack(0x0000000016450000,0x0000000016550000)]
  0x0000000014c2f000 JavaThread "C2 CompilerThread0" daemon [_thread_in_native, id=532580, stack(0x0000000016350000,0x0000000016450000)]
  0x0000000014c2c800 JavaThread "Attach Listener" daemon [_thread_blocked, id=532896, stack(0x0000000016250000,0x0000000016350000)]
  0x0000000014c2b800 JavaThread "Signal Dispatcher" daemon [_thread_blocked, id=528764, stack(0x0000000016150000,0x0000000016250000)]
  0x0000000014c17800 JavaThread "Finalizer" daemon [_thread_blocked, id=530112, stack(0x0000000015ed0000,0x0000000015fd0000)]
  0x0000000014bf6800 JavaThread "Reference Handler" daemon [_thread_blocked, id=533936, stack(0x0000000015dd0000,0x0000000015ed0000)]
  0x0000000000c8e000 JavaThread "main" [_thread_in_vm, id=533688, stack(0x0000000000b60000,0x0000000000c60000)]

Other Threads:
  0x0000000014bf4800 VMThread [stack: 0x0000000015cd0000,0x0000000015dd0000] [id=533772]
  0x0000000016655000 WatcherThread [stack: 0x0000000016b50000,0x0000000016c50000] [id=533548]

VM state:not at safepoint (normal execution)

VM Mutex/Monitor currently owned by a thread: None

Heap:
 PSYoungGen      total 53248K, used 53046K [0x00000000eab00000, 0x00000000ee300000, 0x0000000100000000)
  eden space 49152K, 99% used [0x00000000eab00000,0x00000000edad29e8,0x00000000edb00000)
  from space 4096K, 99% used [0x00000000edf00000,0x00000000ee2faf18,0x00000000ee300000)
  to   space 4096K, 0% used [0x00000000edb00000,0x00000000edb00000,0x00000000edf00000)
 ParOldGen       total 65536K, used 12810K [0x00000000c0000000, 0x00000000c4000000, 0x00000000eab00000)
  object space 65536K, 19% used [0x00000000c0000000,0x00000000c0c82a90,0x00000000c4000000)
 Metaspace       used 6325K, capacity 7154K, committed 7296K, reserved 1056768K
  class space    used 598K, capacity 618K, committed 640K, reserved 1048576K

Card table byte_map: [0x0000000011920000,0x0000000011b30000] byte_map_base: 0x0000000011320000

Marking Bits: (ParMarkBitMap*) 0x0000000051fa9d00
 Begin Bits: [0x0000000012090000, 0x0000000013090000)
 End Bits:   [0x0000000013090000, 0x0000000014090000)

Polling page: 0x00000000009f0000

CodeCache: size=245760Kb used=7955Kb max_used=7961Kb free=237804Kb
 bounds [0x0000000002560000, 0x0000000002d30000, 0x0000000011560000]
 total_blobs=2011 nmethods=1742 adapters=182
 compilation: enabled

Compilation events (10 events):
Event: 8.107 Thread 0x0000000014c87000 nmethod 1805 0x0000000002d23cd0 code [0x0000000002d23e20, 0x0000000002d240d8]
Event: 8.107 Thread 0x0000000014c87000 1803   !   4       com.android.dx.rop.type.Type::intern (319 bytes)
Event: 8.138 Thread 0x0000000014c8a000 1818       2       com.android.dx.ssa.InterferenceRegisterMapper::areAnyPinned (81 bytes)
Event: 8.140 Thread 0x0000000014c8a000 nmethod 1818 0x0000000002d25690 code [0x0000000002d25820, 0x0000000002d25b78]
Event: 8.157 Thread 0x0000000014c8a000 1821       2       sun.misc.Unsafe::getAndAddInt (27 bytes)
Event: 8.158 Thread 0x0000000014c8a000 nmethod 1821 0x0000000002cf57d0 code [0x0000000002cf5920, 0x0000000002cf5ad0]
Event: 8.158 Thread 0x0000000014c8a000 1823       2       java.util.concurrent.ThreadPoolExecutor::runStateOf (5 bytes)
Event: 8.158 Thread 0x0000000014c8a000 nmethod 1823 0x0000000002cd1310 code [0x0000000002cd1460, 0x0000000002cd1590]
Event: 8.158 Thread 0x0000000014c8a000 1824       2       java.lang.Boolean::valueOf (14 bytes)
Event: 8.158 Thread 0x0000000014c8a000 nmethod 1824 0x0000000002d1cd10 code [0x0000000002d1ce60, 0x0000000002d1cfb0]

GC Heap History (8 events):
Event: 2.368 GC heap before
{Heap before GC invocations=1 (full 0):
 PSYoungGen      total 28672K, used 24576K [0x00000000eab00000, 0x00000000ecb00000, 0x0000000100000000)
  eden space 24576K, 100% used [0x00000000eab00000,0x00000000ec300000,0x00000000ec300000)
  from space 4096K, 0% used [0x00000000ec700000,0x00000000ec700000,0x00000000ecb00000)
  to   space 4096K, 0% used [0x00000000ec300000,0x00000000ec300000,0x00000000ec700000)
 ParOldGen       total 65536K, used 0K [0x00000000c0000000, 0x00000000c4000000, 0x00000000eab00000)
  object space 65536K, 0% used [0x00000000c0000000,0x00000000c0000000,0x00000000c4000000)
 Metaspace       used 5884K, capacity 6832K, committed 7040K, reserved 1056768K
  class space    used 579K, capacity 616K, committed 640K, reserved 1048576K
Event: 2.386 GC heap after
Heap after GC invocations=1 (full 0):
 PSYoungGen      total 28672K, used 4085K [0x00000000eab00000, 0x00000000ecb00000, 0x0000000100000000)
  eden space 24576K, 0% used [0x00000000eab00000,0x00000000eab00000,0x00000000ec300000)
  from space 4096K, 99% used [0x00000000ec300000,0x00000000ec6fd4b8,0x00000000ec700000)
  to   space 4096K, 0% used [0x00000000ec700000,0x00000000ec700000,0x00000000ecb00000)
 ParOldGen       total 65536K, used 1543K [0x00000000c0000000, 0x00000000c4000000, 0x00000000eab00000)
  object space 65536K, 2% used [0x00000000c0000000,0x00000000c0181f88,0x00000000c4000000)
 Metaspace       used 5884K, capacity 6832K, committed 7040K, reserved 1056768K
  class space    used 579K, capacity 616K, committed 640K, reserved 1048576K
}
Event: 3.861 GC heap before
{Heap before GC invocations=2 (full 0):
 PSYoungGen      total 28672K, used 28661K [0x00000000eab00000, 0x00000000ecb00000, 0x0000000100000000)
  eden space 24576K, 100% used [0x00000000eab00000,0x00000000ec300000,0x00000000ec300000)
  from space 4096K, 99% used [0x00000000ec300000,0x00000000ec6fd4b8,0x00000000ec700000)
  to   space 4096K, 0% used [0x00000000ec700000,0x00000000ec700000,0x00000000ecb00000)
 ParOldGen       total 65536K, used 1543K [0x00000000c0000000, 0x00000000c4000000, 0x00000000eab00000)
  object space 65536K, 2% used [0x00000000c0000000,0x00000000c0181f88,0x00000000c4000000)
 Metaspace       used 6181K, capacity 7026K, committed 7296K, reserved 1056768K
  class space    used 598K, capacity 618K, committed 640K, reserved 1048576K
Event: 3.881 GC heap after
Heap after GC invocations=2 (full 0):
 PSYoungGen      total 28672K, used 4087K [0x00000000eab00000, 0x00000000ee300000, 0x0000000100000000)
  eden space 24576K, 0% used [0x00000000eab00000,0x00000000eab00000,0x00000000ec300000)
  from space 4096K, 99% used [0x00000000ec700000,0x00000000ecafdd80,0x00000000ecb00000)
  to   space 4096K, 0% used [0x00000000ec300000,0x00000000ec300000,0x00000000ec700000)
 ParOldGen       total 65536K, used 5200K [0x00000000c0000000, 0x00000000c4000000, 0x00000000eab00000)
  object space 65536K, 7% used [0x00000000c0000000,0x00000000c05140e0,0x00000000c4000000)
 Metaspace       used 6181K, capacity 7026K, committed 7296K, reserved 1056768K
  class space    used 598K, capacity 618K, committed 640K, reserved 1048576K
}
Event: 4.971 GC heap before
{Heap before GC invocations=3 (full 0):
 PSYoungGen      total 28672K, used 28663K [0x00000000eab00000, 0x00000000ee300000, 0x0000000100000000)
  eden space 24576K, 100% used [0x00000000eab00000,0x00000000ec300000,0x00000000ec300000)
  from space 4096K, 99% used [0x00000000ec700000,0x00000000ecafdd80,0x00000000ecb00000)
  to   space 4096K, 0% used [0x00000000ec300000,0x00000000ec300000,0x00000000ec700000)
 ParOldGen       total 65536K, used 5200K [0x00000000c0000000, 0x00000000c4000000, 0x00000000eab00000)
  object space 65536K, 7% used [0x00000000c0000000,0x00000000c05140e0,0x00000000c4000000)
 Metaspace       used 6237K, capacity 7090K, committed 7296K, reserved 1056768K
  class space    used 598K, capacity 618K, committed 640K, reserved 1048576K
Event: 5.103 GC heap after
Heap after GC invocations=3 (full 0):
 PSYoungGen      total 28672K, used 4072K [0x00000000eab00000, 0x00000000ee300000, 0x0000000100000000)
  eden space 24576K, 0% used [0x00000000eab00000,0x00000000eab00000,0x00000000ec300000)
  from space 4096K, 99% used [0x00000000ec300000,0x00000000ec6fa108,0x00000000ec700000)
  to   space 4096K, 0% used [0x00000000edf00000,0x00000000edf00000,0x00000000ee300000)
 ParOldGen       total 65536K, used 8843K [0x00000000c0000000, 0x00000000c4000000, 0x00000000eab00000)
  object space 65536K, 13% used [0x00000000c0000000,0x00000000c08a2dc8,0x00000000c4000000)
 Metaspace       used 6237K, capacity 7090K, committed 7296K, reserved 1056768K
  class space    used 598K, capacity 618K, committed 640K, reserved 1048576K
}
Event: 6.358 GC heap before
{Heap before GC invocations=4 (full 0):
 PSYoungGen      total 28672K, used 28648K [0x00000000eab00000, 0x00000000ee300000, 0x0000000100000000)
  eden space 24576K, 100% used [0x00000000eab00000,0x00000000ec300000,0x00000000ec300000)
  from space 4096K, 99% used [0x00000000ec300000,0x00000000ec6fa108,0x00000000ec700000)
  to   space 4096K, 0% used [0x00000000edf00000,0x00000000edf00000,0x00000000ee300000)
 ParOldGen       total 65536K, used 8843K [0x00000000c0000000, 0x00000000c4000000, 0x00000000eab00000)
  object space 65536K, 13% used [0x00000000c0000000,0x00000000c08a2dc8,0x00000000c4000000)
 Metaspace       used 6274K, capacity 7090K, committed 7296K, reserved 1056768K
  class space    used 598K, capacity 618K, committed 640K, reserved 1048576K
Event: 6.448 GC heap after
Heap after GC invocations=4 (full 0):
 PSYoungGen      total 53248K, used 4075K [0x00000000eab00000, 0x00000000ee300000, 0x0000000100000000)
  eden space 49152K, 0% used [0x00000000eab00000,0x00000000eab00000,0x00000000edb00000)
  from space 4096K, 99% used [0x00000000edf00000,0x00000000ee2faf18,0x00000000ee300000)
  to   space 4096K, 0% used [0x00000000edb00000,0x00000000edb00000,0x00000000edf00000)
 ParOldGen       total 65536K, used 12810K [0x00000000c0000000, 0x00000000c4000000, 0x00000000eab00000)
  object space 65536K, 19% used [0x00000000c0000000,0x00000000c0c82a90,0x00000000c4000000)
 Metaspace       used 6274K, capacity 7090K, committed 7296K, reserved 1056768K
  class space    used 598K, capacity 618K, committed 640K, reserved 1048576K
}

Deoptimization events (10 events):
Event: 5.288 Thread 0x00000000168e1800 Uncommon trap: reason=class_check action=maybe_recompile pc=0x0000000002c075e0 method=com.android.dx.cf.code.BytecodeArray.parseInstruction(ILcom/android/dx/cf/code/BytecodeArray$Visitor;)I @ 1287
Event: 6.104 Thread 0x0000000000c8e000 Uncommon trap: reason=unstable_if action=reinterpret pc=0x0000000002aa8db8 method=com.android.dx.ssa.SCCP.simulateStmt(Lcom/android/dx/ssa/SsaInsn;)V @ 59
Event: 6.131 Thread 0x00000000168e2000 Uncommon trap: reason=class_check action=maybe_recompile pc=0x0000000002c4e954 method=com.android.dx.cf.code.BytecodeArray.parseInstruction(ILcom/android/dx/cf/code/BytecodeArray$Visitor;)I @ 1258
Event: 6.131 Thread 0x00000000168e2000 Uncommon trap: reason=class_check action=maybe_recompile pc=0x0000000002c4e954 method=com.android.dx.cf.code.BytecodeArray.parseInstruction(ILcom/android/dx/cf/code/BytecodeArray$Visitor;)I @ 1258
Event: 6.207 Thread 0x00000000168e3800 Uncommon trap: reason=bimorphic action=maybe_recompile pc=0x0000000002c3b06c method=com.android.dx.rop.code.RegisterSpec.withSimpleType()Lcom/android/dx/rop/code/RegisterSpec; @ 21
Event: 7.683 Thread 0x00000000168e2000 Uncommon trap: reason=bimorphic action=maybe_recompile pc=0x0000000002cbe834 method=com.android.dx.cf.code.BytecodeArray.parseInstruction(ILcom/android/dx/cf/code/BytecodeArray$Visitor;)I @ 1287
Event: 7.683 Thread 0x00000000168e2000 Uncommon trap: reason=bimorphic action=maybe_recompile pc=0x0000000002cbe834 method=com.android.dx.cf.code.BytecodeArray.parseInstruction(ILcom/android/dx/cf/code/BytecodeArray$Visitor;)I @ 1287
Event: 7.988 Thread 0x00000000168b7000 Uncommon trap: reason=class_check action=maybe_recompile pc=0x0000000002d1dc40 method=com.android.dx.ssa.LiteralOpUpgrader.isConstIntZeroOrKnownNull(Lcom/android/dx/rop/code/RegisterSpec;)Z @ 13
Event: 7.989 Thread 0x00000000168b7000 Uncommon trap: reason=unstable_if action=reinterpret pc=0x000000000295449c method=com.android.dx.ssa.SsaMethod.updateOneDefinition(Lcom/android/dx/ssa/SsaInsn;Lcom/android/dx/rop/code/RegisterSpec;)V @ 4
Event: 7.991 Thread 0x00000000168b7000 Uncommon trap: reason=unstable_if action=reinterpret pc=0x0000000002c35198 method=com.android.dx.cf.code.BaseMachine.popArgs(Lcom/android/dx/cf/code/Frame;I)V @ 15

Internal exceptions (7 events):
Event: 0.203 Thread 0x0000000000c8e000 Exception <a 'java/lang/NoSuchMethodError': Method sun.misc.Unsafe.defineClass(Ljava/lang/String;[BII)Ljava/lang/Class; name or signature does not match> (0x00000000eab07cc0) thrown at [C:\src\android\AOSP-openjdk\external\jetbrains\jdk\hotspot\src\share\v…ÃQßÊ?
Event: 0.203 Thread 0x0000000000c8e000 Exception <a 'java/lang/NoSuchMethodError': Method sun.misc.Unsafe.prefetchRead(Ljava/lang/Object;J)V name or signature does not match> (0x00000000eab07fa8) thrown at [C:\src\android\AOSP-openjdk\external\jetbrains\jdk\hotspot\src\share\vm\prims\jni.cpp, lÕIE±DØ
@
Event: 3.356 Thread 0x00000000168e1800 Exception <a 'java/lang/ArrayIndexOutOfBoundsException': 18> (0x00000000eb9208f8) thrown at [C:\src\android\AOSP-openjdk\external\jetbrains\jdk\hotspot\src\share\vm\interpreter\interpreterRuntime.cpp, line 366]
Event: 3.357 Thread 0x00000000168e1800 Exception <a 'java/lang/ArrayIndexOutOfBoundsException'> (0x00000000eb9f3578) thrown at [C:\src\android\AOSP-openjdk\external\jetbrains\jdk\hotspot\src\share\vm\runtime\sharedRuntime.cpp, line 605]
Event: 3.358 Thread 0x00000000168e1800 Exception <a 'java/lang/ArrayIndexOutOfBoundsException'> (0x00000000eb9f4860) thrown at [C:\src\android\AOSP-openjdk\external\jetbrains\jdk\hotspot\src\share\vm\runtime\sharedRuntime.cpp, line 605]
Event: 3.703 Thread 0x00000000168e1800 Implicit null exception at 0x00000000028884d9 to 0x000000000288b201
Event: 4.256 Thread 0x00000000168e3800 Implicit null exception at 0x0000000002923ea2 to 0x0000000002923f92

Events (10 events):
Event: 7.988 Thread 0x00000000168b7000 DEOPT PACKING pc=0x0000000002d1dc40 sp=0x0000000016d4ec50
Event: 7.988 Thread 0x00000000168b7000 DEOPT UNPACKING pc=0x00000000025a556a sp=0x0000000016d4eb40 mode 2
Event: 7.988 loading class com/android/dx/rop/code/RegOps
Event: 7.988 loading class com/android/dx/rop/code/RegOps done
Event: 7.989 Thread 0x00000000168b7000 Uncommon trap: trap_request=0xffffff65 fr.pc=0x000000000295449c
Event: 7.989 Thread 0x00000000168b7000 DEOPT PACKING pc=0x000000000295449c sp=0x0000000016d4ea60
Event: 7.989 Thread 0x00000000168b7000 DEOPT UNPACKING pc=0x00000000025a556a sp=0x0000000016d4ea08 mode 2
Event: 7.991 Thread 0x00000000168b7000 Uncommon trap: trap_request=0xffffff65 fr.pc=0x0000000002c35198
Event: 7.991 Thread 0x00000000168b7000 DEOPT PACKING pc=0x0000000002c35198 sp=0x0000000016d4e640
Event: 7.992 Thread 0x00000000168b7000 DEOPT UNPACKING pc=0x00000000025a556a sp=0x0000000016d4e5d8 mode 2


Dynamic libraries:
0x00007ff614e50000 - 0x00007ff614e81000 	C:\Users\Nermina Cergic\Downloads\android-studio-ide-145.3225885-windows\android-studio\jre\bin\java.exe
0x00007ffcc7550000 - 0x00007ffcc76fc000 	C:\Windows\SYSTEM32\ntdll.dll
0x00007ffcc4e50000 - 0x00007ffcc4f8e000 	C:\Windows\system32\KERNEL32.DLL
0x00007ffcc4ab0000 - 0x00007ffcc4bc5000 	C:\Windows\system32\KERNELBASE.dll
0x00007ffcc4bd0000 - 0x00007ffcc4c7a000 	C:\Windows\system32\ADVAPI32.dll
0x00007ffcc7270000 - 0x00007ffcc73e7000 	C:\Windows\system32\USER32.dll
0x00007ffcc22e0000 - 0x00007ffcc255a000 	C:\Windows\WinSxS\amd64_microsoft.windows.common-controls_6595b64144ccf1df_6.0.9600.17810_none_6240b9c7ecbd0bda\COMCTL32.dll
0x00007ffcc71c0000 - 0x00007ffcc726a000 	C:\Windows\system32\msvcrt.dll
0x00007ffcc7050000 - 0x00007ffcc70a9000 	C:\Windows\SYSTEM32\sechost.dll
0x00007ffcc73f0000 - 0x00007ffcc7531000 	C:\Windows\system32\RPCRT4.dll
0x00007ffcc4f90000 - 0x00007ffcc50e1000 	C:\Windows\system32\GDI32.dll
0x00007ffcc7180000 - 0x00007ffcc71b6000 	C:\Windows\system32\IMM32.DLL
0x00007ffcc4c90000 - 0x00007ffcc4de2000 	C:\Windows\system32\MSCTF.dll
0x0000000051710000 - 0x00000000517e2000 	C:\Users\Nermina Cergic\Downloads\android-studio-ide-145.3225885-windows\android-studio\jre\jre\bin\msvcr100.dll
0x00000000517f0000 - 0x0000000052024000 	C:\Users\Nermina Cergic\Downloads\android-studio-ide-145.3225885-windows\android-studio\jre\jre\bin\server\jvm.dll
0x00007ffcc0d90000 - 0x00007ffcc0d99000 	C:\Windows\SYSTEM32\WSOCK32.dll
0x00007ffcbcef0000 - 0x00007ffcbcf12000 	C:\Windows\SYSTEM32\WINMM.dll
0x00007ffcc21a0000 - 0x00007ffcc21aa000 	C:\Windows\SYSTEM32\VERSION.dll
0x00007ffcc68e0000 - 0x00007ffcc68e7000 	C:\Windows\system32\PSAPI.DLL
0x00007ffcc6ff0000 - 0x00007ffcc704a000 	C:\Windows\system32\WS2_32.dll
0x00007ffcbcec0000 - 0x00007ffcbceea000 	C:\Windows\SYSTEM32\WINMMBASE.dll
0x00007ffcc7540000 - 0x00007ffcc7549000 	C:\Windows\system32\NSI.dll
0x00007ffcc4770000 - 0x00007ffcc47bf000 	C:\Windows\SYSTEM32\cfgmgr32.dll
0x00007ffcc34b0000 - 0x00007ffcc34d8000 	C:\Windows\SYSTEM32\DEVOBJ.dll
0x00007ffcc0b90000 - 0x00007ffcc0b9f000 	C:\Users\Nermina Cergic\Downloads\android-studio-ide-145.3225885-windows\android-studio\jre\jre\bin\verify.dll
0x00007ffcb25b0000 - 0x00007ffcb25d9000 	C:\Users\Nermina Cergic\Downloads\android-studio-ide-145.3225885-windows\android-studio\jre\jre\bin\java.dll
0x00007ffcb2760000 - 0x00007ffcb2776000 	C:\Users\Nermina Cergic\Downloads\android-studio-ide-145.3225885-windows\android-studio\jre\jre\bin\zip.dll
0x00007ffcc53b0000 - 0x00007ffcc68c9000 	C:\Windows\system32\SHELL32.dll
0x00007ffcc68f0000 - 0x00007ffcc6b01000 	C:\Windows\SYSTEM32\combase.dll
0x00007ffcc4df0000 - 0x00007ffcc4e44000 	C:\Windows\system32\SHLWAPI.dll
0x00007ffcc2bf0000 - 0x00007ffcc2ca2000 	C:\Windows\SYSTEM32\SHCORE.dll
0x00007ffcc46a0000 - 0x00007ffcc46b5000 	C:\Windows\SYSTEM32\profapi.dll

VM Arguments:
jvm_args: -Djava.awt.headless=true -Xmx1024M -Dfile.encoding=windows-1250 -Duser.country=US -Duser.language=en -Duser.variant 
java_command: com.android.dx.command.Main --dex --num-threads=4 --output C:\Users\Nermina Cergic\AndroidStudioProjects\Wurth_Android_APP\WURTH\build\intermediates\pre-dexed\debug\com.android.support-support-core-ui-24.2.0_b30bca7f0ea04b233b2cfc7462fe7b16ea99f225.jar C:\Users\Nermina Cergic\AndroidStudioProjects\Wurth_Android_APP\WURTH\build\intermediates\exploded-aar\com.android.support\support-core-ui\24.2.0\jars\classes.jar
java_class_path (initial): C:\Users\Nermina Cergic\AppData\Local\Android\sdk\build-tools\23.0.2\lib\dx.jar
Launcher Type: SUN_STANDARD

Environment Variables:
PATH=C:\ProgramData\Oracle\Java\javapath;C:\Windows\system32;C:\Windows;C:\Windows\System32\Wbem;C:\Windows\System32\WindowsPowerShell\v1.0\;C:\Program Files (x86)\ATI Technologies\ATI.ACE\Core-Static;C:\Program Files (x86)\Windows Kits\8.1\Windows Performance Toolkit\;C:\Program Files\Microsoft SQL Server\110\Tools\Binn\;C:\Program Files (x86)\Microsoft SDKs\TypeScript\1.0\;C:\Program Files\Microsoft SQL Server\120\Tools\Binn\;C:\Program Files\Microsoft SQL Server\120\DTS\Binn\;C:\Program Files\Microsoft SQL Server\Client SDK\ODBC\110\Tools\Binn\;C:\Program Files (x86)\Microsoft SQL Server\120\Tools\Binn\ManagementStudio\;C:\Program Files (x86)\Microsoft SQL Server\120\Tools\Binn\;C:\Program Files (x86)\Microsoft SQL Server\120\DTS\Binn\;C:\Program Files (x86)\Git\cmd\;C:\Program Files (x86)\Skype\Phone\;C:\Program Files (x86)\nodejs\; C:\Python27;c:\Program Files (x86)\Microsoft SQL Server\100\Tools\Binn\;c:\Program Files\Microsoft SQL Server\100\Tools\Binn\;c:\Program Files\Microsoft SQL Server\100\DTS\Binn\;C:\Program Files (x86)\MySQL\MySQL Fabric 1.5 & MySQL Utilities 1.5\;C:\Program Files (x86)\MySQL\MySQL Fabric 1.5 & MySQL Utilities 1.5\Doctrine extensions for PHP\;C:\Users\Nermina Cergic\AppData\Roaming\npm;
USERNAME=Nermina Cergic
OS=Windows_NT
PROCESSOR_IDENTIFIER=Intel64 Family 6 Model 42 Stepping 7, GenuineIntel



---------------  S Y S T E M  ---------------

OS: Windows 8.1 , 64 bit Build 9600 (6.3.9600.17415)

CPU:total 4 (2 cores per cpu, 2 threads per core) family 6 model 42 stepping 7, cmov, cx8, fxsr, mmx, sse, sse2, sse3, ssse3, sse4.1, sse4.2, popcnt, avx, clmul, ht, tsc, tscinvbit

Memory: 4k page, physical 6224236k(761788k free), swap 14338660k(4240k free)

vm_info: OpenJDK 64-Bit Server VM (25.76-b03) for windows-amd64 JRE (1.8.0_76-release-b03), built on Jun 29 2016 19:09:20 by "ralucas" with MS VC++ 10.0 (VS2010)

time: Thu Oct 20 10:42:40 2016
elapsed time: 8 seconds (0d 0h 0m 8s)

