#
# There is insufficient memory for the Java Runtime Environment to continue.
# Native memory allocation (malloc) failed to allocate 131088 bytes for Chunk::new
# Possible reasons:
#   The system is out of physical RAM or swap space
#   In 32 bit mode, the process size limit was hit
# Possible solutions:
#   Reduce memory load on the system
#   Increase physical memory or swap space
#   Check if swap backing store is full
#   Use 64 bit Java on a 64 bit OS
#   Decrease Java heap size (-Xmx/-Xms)
#   Decrease number of Java threads
#   Decrease Java thread stack sizes (-Xss)
#   Set larger code cache with -XX:ReservedCodeCacheSize=
# This output file may be truncated or incomplete.
#
#  Out of Memory Error (allocation.cpp:390), pid=531348, tid=0x000000000008239c
#
# JRE version: OpenJDK Runtime Environment (8.0_76-b03) (build 1.8.0_76-release-b03)
# Java VM: OpenJDK 64-Bit Server VM (25.76-b03 mixed mode windows-amd64 compressed oops)
# Failed to write core dump. Minidumps are not enabled by default on client versions of Windows
#

---------------  T H R E A D  ---------------

Current thread (0x00000000147a0000):  JavaThread "C2 CompilerThread0" daemon [_thread_in_native, id=533404, stack(0x0000000015e70000,0x0000000015f70000)]

Stack: [0x0000000015e70000,0x0000000015f70000]
[error occurred during error reporting (printing stack bounds), id 0xc0000005]

Native frames: (J=compiled Java code, j=interpreted, Vv=VM code, C=native code)


Current CompileTask:
C2:  11209 1753   !   4       com.android.dx.cf.cst.ConstantPoolParser::parse0 (731 bytes)


---------------  P R O C E S S  ---------------

Java Threads: ( => current thread )
  0x00000000162d5000 JavaThread "pool-1-thread-4" [_thread_in_Java, id=532768, stack(0x0000000016b70000,0x0000000016c70000)]
  0x00000000162d4000 JavaThread "pool-1-thread-3" [_thread_in_Java, id=533112, stack(0x0000000016a70000,0x0000000016b70000)]
  0x00000000162d3800 JavaThread "pool-1-thread-2" [_thread_in_Java, id=531524, stack(0x0000000016970000,0x0000000016a70000)]
  0x00000000162cd000 JavaThread "pool-2-thread-1" [_thread_blocked, id=533576, stack(0x0000000016870000,0x0000000016970000)]
  0x000000001639d000 JavaThread "pool-1-thread-1" [_thread_in_Java, id=533856, stack(0x0000000016770000,0x0000000016870000)]
  0x0000000016073800 JavaThread "Service Thread" daemon [_thread_blocked, id=532372, stack(0x0000000016570000,0x0000000016670000)]
  0x00000000147fe000 JavaThread "C1 CompilerThread2" daemon [_thread_blocked, id=531068, stack(0x0000000016470000,0x0000000016570000)]
  0x00000000147f8000 JavaThread "C2 CompilerThread1" daemon [_thread_in_native, id=532820, stack(0x0000000015f70000,0x0000000016070000)]
=>0x00000000147a0000 JavaThread "C2 CompilerThread0" daemon [_thread_in_native, id=533404, stack(0x0000000015e70000,0x0000000015f70000)]
  0x000000001479d800 JavaThread "Attach Listener" daemon [_thread_blocked, id=533880, stack(0x0000000015d70000,0x0000000015e70000)]
  0x000000001479c800 JavaThread "Signal Dispatcher" daemon [_thread_blocked, id=533884, stack(0x0000000015c70000,0x0000000015d70000)]
  0x0000000014787800 JavaThread "Finalizer" daemon [_thread_blocked, id=533836, stack(0x00000000159f0000,0x0000000015af0000)]
  0x0000000014766800 JavaThread "Reference Handler" daemon [_thread_blocked, id=533676, stack(0x00000000158f0000,0x00000000159f0000)]
  0x000000000071e000 JavaThread "main" [_thread_in_Java, id=534248, stack(0x0000000001ed0000,0x0000000001fd0000)]

Other Threads:
  0x0000000014764800 VMThread [stack: 0x00000000157f0000,0x00000000158f0000] [id=531004]
  0x0000000016076000 WatcherThread [stack: 0x0000000016670000,0x0000000016770000] [id=533528]

VM state:not at safepoint (normal execution)

VM Mutex/Monitor currently owned by a thread: None

Heap:
 PSYoungGen      total 53248K, used 25911K [0x00000000eab00000, 0x00000000f1300000, 0x0000000100000000)
  eden space 49152K, 44% used [0x00000000eab00000,0x00000000ec055e40,0x00000000edb00000)
  from space 4096K, 99% used [0x00000000edb00000,0x00000000edef8010,0x00000000edf00000)
  to   space 4096K, 0% used [0x00000000f0f00000,0x00000000f0f00000,0x00000000f1300000)
 ParOldGen       total 65536K, used 10511K [0x00000000c0000000, 0x00000000c4000000, 0x00000000eab00000)
  object space 65536K, 16% used [0x00000000c0000000,0x00000000c0a43e80,0x00000000c4000000)
 Metaspace       used 6248K, capacity 7090K, committed 7296K, reserved 1056768K
  class space    used 594K, capacity 618K, committed 640K, reserved 1048576K

Card table byte_map: [0x0000000011490000,0x00000000116a0000] byte_map_base: 0x0000000010e90000

Marking Bits: (ParMarkBitMap*) 0x0000000051fa9d00
 Begin Bits: [0x0000000011c00000, 0x0000000012c00000)
 End Bits:   [0x0000000012c00000, 0x0000000013c00000)

Polling page: 0x0000000000530000

CodeCache: size=245760Kb used=7342Kb max_used=7342Kb free=238417Kb
 bounds [0x00000000020d0000, 0x0000000002810000, 0x00000000110d0000]
 total_blobs=1944 nmethods=1676 adapters=182
 compilation: enabled

Compilation events (10 events):
Event: 11.189 Thread 0x00000000147fe000 1769   !   2       com.android.dx.cf.cst.ConstantPoolParser::determineOffsets (285 bytes)
Event: 11.191 Thread 0x00000000147fe000 nmethod 1769 0x00000000027fdd50 code [0x00000000027fe020, 0x00000000027fec58]
Event: 11.191 Thread 0x00000000147fe000 1771       2       com.android.dx.cf.cst.ConstantPoolParser::parse (365 bytes)
Event: 11.194 Thread 0x00000000147fe000 nmethod 1771 0x00000000027ffb10 code [0x00000000027ffee0, 0x00000000028012a8]
Event: 11.198 Thread 0x00000000147fe000 1781       2       java.util.Collections$UnmodifiableCollection::size (10 bytes)
Event: 11.198 Thread 0x00000000147fe000 nmethod 1781 0x00000000027dffd0 code [0x00000000027e0140, 0x00000000027e02c8]
Event: 11.200 Thread 0x00000000147fe000 1783       2       com.android.dx.ssa.PhiInsn::changeResultType (17 bytes)
Event: 11.200 Thread 0x00000000147fe000 nmethod 1783 0x00000000027d2e50 code [0x00000000027d2fc0, 0x00000000027d31f8]
Event: 11.202 Thread 0x00000000147fe000 1784       2       java.util.Collections::unmodifiableCollection (9 bytes)
Event: 11.202 Thread 0x00000000147fe000 nmethod 1784 0x00000000027e4990 code [0x00000000027e4b00, 0x00000000027e4d48]

GC Heap History (6 events):
Event: 4.944 GC heap before
{Heap before GC invocations=1 (full 0):
 PSYoungGen      total 28672K, used 24576K [0x00000000eab00000, 0x00000000ecb00000, 0x0000000100000000)
  eden space 24576K, 100% used [0x00000000eab00000,0x00000000ec300000,0x00000000ec300000)
  from space 4096K, 0% used [0x00000000ec700000,0x00000000ec700000,0x00000000ecb00000)
  to   space 4096K, 0% used [0x00000000ec300000,0x00000000ec300000,0x00000000ec700000)
 ParOldGen       total 65536K, used 0K [0x00000000c0000000, 0x00000000c4000000, 0x00000000eab00000)
  object space 65536K, 0% used [0x00000000c0000000,0x00000000c0000000,0x00000000c4000000)
 Metaspace       used 5880K, capacity 6832K, committed 7040K, reserved 1056768K
  class space    used 575K, capacity 616K, committed 640K, reserved 1048576K
Event: 5.013 GC heap after
Heap after GC invocations=1 (full 0):
 PSYoungGen      total 28672K, used 4072K [0x00000000eab00000, 0x00000000ee300000, 0x0000000100000000)
  eden space 24576K, 0% used [0x00000000eab00000,0x00000000eab00000,0x00000000ec300000)
  from space 4096K, 99% used [0x00000000ec300000,0x00000000ec6fa110,0x00000000ec700000)
  to   space 4096K, 0% used [0x00000000edf00000,0x00000000edf00000,0x00000000ee300000)
 ParOldGen       total 65536K, used 777K [0x00000000c0000000, 0x00000000c4000000, 0x00000000eab00000)
  object space 65536K, 1% used [0x00000000c0000000,0x00000000c00c27d0,0x00000000c4000000)
 Metaspace       used 5880K, capacity 6832K, committed 7040K, reserved 1056768K
  class space    used 575K, capacity 616K, committed 640K, reserved 1048576K
}
Event: 6.410 GC heap before
{Heap before GC invocations=2 (full 0):
 PSYoungGen      total 28672K, used 28648K [0x00000000eab00000, 0x00000000ee300000, 0x0000000100000000)
  eden space 24576K, 100% used [0x00000000eab00000,0x00000000ec300000,0x00000000ec300000)
  from space 4096K, 99% used [0x00000000ec300000,0x00000000ec6fa110,0x00000000ec700000)
  to   space 4096K, 0% used [0x00000000edf00000,0x00000000edf00000,0x00000000ee300000)
 ParOldGen       total 65536K, used 777K [0x00000000c0000000, 0x00000000c4000000, 0x00000000eab00000)
  object space 65536K, 1% used [0x00000000c0000000,0x00000000c00c27d0,0x00000000c4000000)
 Metaspace       used 6003K, capacity 6960K, committed 7040K, reserved 1056768K
  class space    used 575K, capacity 616K, committed 640K, reserved 1048576K
Event: 6.517 GC heap after
Heap after GC invocations=2 (full 0):
 PSYoungGen      total 53248K, used 4090K [0x00000000eab00000, 0x00000000ee300000, 0x0000000100000000)
  eden space 49152K, 0% used [0x00000000eab00000,0x00000000eab00000,0x00000000edb00000)
  from space 4096K, 99% used [0x00000000edf00000,0x00000000ee2feaa8,0x00000000ee300000)
  to   space 4096K, 0% used [0x00000000edb00000,0x00000000edb00000,0x00000000edf00000)
 ParOldGen       total 65536K, used 3400K [0x00000000c0000000, 0x00000000c4000000, 0x00000000eab00000)
  object space 65536K, 5% used [0x00000000c0000000,0x00000000c0352120,0x00000000c4000000)
 Metaspace       used 6003K, capacity 6960K, committed 7040K, reserved 1056768K
  class space    used 575K, capacity 616K, committed 640K, reserved 1048576K
}
Event: 10.432 GC heap before
{Heap before GC invocations=3 (full 0):
 PSYoungGen      total 53248K, used 53242K [0x00000000eab00000, 0x00000000ee300000, 0x0000000100000000)
  eden space 49152K, 100% used [0x00000000eab00000,0x00000000edb00000,0x00000000edb00000)
  from space 4096K, 99% used [0x00000000edf00000,0x00000000ee2feaa8,0x00000000ee300000)
  to   space 4096K, 0% used [0x00000000edb00000,0x00000000edb00000,0x00000000edf00000)
 ParOldGen       total 65536K, used 3400K [0x00000000c0000000, 0x00000000c4000000, 0x00000000eab00000)
  object space 65536K, 5% used [0x00000000c0000000,0x00000000c0352120,0x00000000c4000000)
 Metaspace       used 6239K, capacity 7090K, committed 7296K, reserved 1056768K
  class space    used 594K, capacity 618K, committed 640K, reserved 1048576K
Event: 10.586 GC heap after
Heap after GC invocations=3 (full 0):
 PSYoungGen      total 53248K, used 4064K [0x00000000eab00000, 0x00000000f1300000, 0x0000000100000000)
  eden space 49152K, 0% used [0x00000000eab00000,0x00000000eab00000,0x00000000edb00000)
  from space 4096K, 99% used [0x00000000edb00000,0x00000000edef8010,0x00000000edf00000)
  to   space 4096K, 0% used [0x00000000f0f00000,0x00000000f0f00000,0x00000000f1300000)
 ParOldGen       total 65536K, used 10511K [0x00000000c0000000, 0x00000000c4000000, 0x00000000eab00000)
  object space 65536K, 16% used [0x00000000c0000000,0x00000000c0a43e80,0x00000000c4000000)
 Metaspace       used 6239K, capacity 7090K, committed 7296K, reserved 1056768K
  class space    used 594K, capacity 618K, committed 640K, reserved 1048576K
}

Deoptimization events (10 events):
Event: 7.714 Thread 0x00000000162d3800 Uncommon trap: reason=unstable_if action=reinterpret pc=0x00000000023b76f0 method=java.util.HashMap.getNode(ILjava/lang/Object;)Ljava/util/HashMap$Node; @ 84
Event: 7.736 Thread 0x00000000162d5000 Uncommon trap: reason=unstable_if action=reinterpret pc=0x00000000023bf310 method=java.util.HashMap.getNode(ILjava/lang/Object;)Ljava/util/HashMap$Node; @ 84
Event: 7.753 Thread 0x00000000162d5000 Uncommon trap: reason=unstable_if action=reinterpret pc=0x0000000002688f88 method=java.util.HashMap.putVal(ILjava/lang/Object;Ljava/lang/Object;ZZ)Ljava/lang/Object; @ 109
Event: 9.401 Thread 0x00000000162d3800 Uncommon trap: reason=unstable_if action=reinterpret pc=0x00000000026262e8 method=java.util.HashMap.resize()[Ljava/util/HashMap$Node; @ 206
Event: 9.555 Thread 0x00000000162d5000 Uncommon trap: reason=unstable_if action=reinterpret pc=0x0000000002758ddc method=com.android.dx.ssa.LocalVariableExtractor.processBlock(I)V @ 251
Event: 9.592 Thread 0x000000001639d000 Uncommon trap: reason=unstable_if action=reinterpret pc=0x000000000253765c method=com.android.dx.dex.code.OutputFinisher.hasLocalInfo(Lcom/android/dx/dex/code/DalvInsn;)Z @ 24
Event: 10.226 Thread 0x00000000162d4000 Uncommon trap: reason=unstable_if action=reinterpret pc=0x00000000026c0d80 method=com.android.dx.ssa.SCCP.simulateBranch(Lcom/android/dx/ssa/SsaInsn;)V @ 548
Event: 10.237 Thread 0x000000001639d000 Uncommon trap: reason=bimorphic action=maybe_recompile pc=0x000000000279cedc method=java.util.HashMap.getNode(ILjava/lang/Object;)Ljava/util/HashMap$Node; @ 126
Event: 10.237 Thread 0x000000001639d000 Uncommon trap: reason=bimorphic action=maybe_recompile pc=0x000000000279cedc method=java.util.HashMap.getNode(ILjava/lang/Object;)Ljava/util/HashMap$Node; @ 126
Event: 10.237 Thread 0x000000001639d000 Uncommon trap: reason=bimorphic action=maybe_recompile pc=0x000000000279cedc method=java.util.HashMap.getNode(ILjava/lang/Object;)Ljava/util/HashMap$Node; @ 126

Internal exceptions (8 events):
Event: 1.080 Thread 0x000000000071e000 Exception <a 'java/lang/NoSuchMethodError': Method sun.misc.Unsafe.defineClass(Ljava/lang/String;[BII)Ljava/lang/Class; name or signature does not match> (0x00000000eab07cc0) thrown at [C:\src\android\AOSP-openjdk\external\jetbrains\jdk\hotspot\src\share\vË—~8)GÒ?
Event: 1.080 Thread 0x000000000071e000 Exception <a 'java/lang/NoSuchMethodError': Method sun.misc.Unsafe.prefetchRead(Ljava/lang/Object;J)V name or signature does not match> (0x00000000eab07fa8) thrown at [C:\src\android\AOSP-openjdk\external\jetbrains\jdk\hotspot\src\share\vm\prims\jni.cpp, l·ÈUmAg@
Event: 4.601 Thread 0x000000000071e000 Implicit null exception at 0x000000000241d322 to 0x000000000241d412
Event: 4.610 Thread 0x000000000071e000 Implicit null exception at 0x00000000024d28ad to 0x00000000024d3ced
Event: 4.636 Thread 0x000000000071e000 Implicit null exception at 0x00000000024e7ec6 to 0x00000000024e9609
Event: 7.709 Thread 0x00000000162d3800 Exception <a 'java/lang/ArrayIndexOutOfBoundsException': 18> (0x00000000eb48d120) thrown at [C:\src\android\AOSP-openjdk\external\jetbrains\jdk\hotspot\src\share\vm\interpreter\interpreterRuntime.cpp, line 366]
Event: 7.710 Thread 0x00000000162d3800 Exception <a 'java/lang/ArrayIndexOutOfBoundsException'> (0x00000000eb48eca0) thrown at [C:\src\android\AOSP-openjdk\external\jetbrains\jdk\hotspot\src\share\vm\runtime\sharedRuntime.cpp, line 605]
Event: 7.713 Thread 0x00000000162d3800 Exception <a 'java/lang/ArrayIndexOutOfBoundsException'> (0x00000000eb48ff88) thrown at [C:\src\android\AOSP-openjdk\external\jetbrains\jdk\hotspot\src\share\vm\runtime\sharedRuntime.cpp, line 605]

Events (10 events):
Event: 10.237 Thread 0x000000001639d000 DEOPT PACKING pc=0x000000000279cedc sp=0x000000001686ea90
Event: 10.237 Thread 0x000000001639d000 DEOPT UNPACKING pc=0x000000000211556a sp=0x000000001686e9a8 mode 2
Event: 10.250 Thread 0x00000000162d5000 DEOPT PACKING pc=0x000000000244c66d sp=0x0000000016c6eb60
Event: 10.250 Thread 0x00000000162d5000 DEOPT UNPACKING pc=0x00000000021175bf sp=0x0000000016c6e8f8 mode 0
Event: 10.253 Executing VM operation: ParallelGCFailedAllocation
Event: 10.587 Executing VM operation: ParallelGCFailedAllocation done
Event: 10.615 Thread 0x000000000071e000 DEOPT PACKING pc=0x000000000244c66d sp=0x0000000001fce420
Event: 10.615 Thread 0x000000000071e000 DEOPT UNPACKING pc=0x00000000021175bf sp=0x0000000001fce1b8 mode 0
Event: 10.681 Thread 0x00000000162d4000 DEOPT PACKING pc=0x000000000244c66d sp=0x0000000016b6e420
Event: 10.681 Thread 0x00000000162d4000 DEOPT UNPACKING pc=0x00000000021175bf sp=0x0000000016b6e1b8 mode 0


Dynamic libraries:
0x00007ff614e50000 - 0x00007ff614e81000 	C:\Users\Nermina Cergic\Downloads\android-studio-ide-145.3225885-windows\android-studio\jre\bin\java.exe
0x00007ffcc7550000 - 0x00007ffcc76fc000 	C:\Windows\SYSTEM32\ntdll.dll
0x00007ffcc4e50000 - 0x00007ffcc4f8e000 	C:\Windows\system32\KERNEL32.DLL
0x00007ffcc4ab0000 - 0x00007ffcc4bc5000 	C:\Windows\system32\KERNELBASE.dll
0x00007ffcc4bd0000 - 0x00007ffcc4c7a000 	C:\Windows\system32\ADVAPI32.dll
0x00007ffcc7270000 - 0x00007ffcc73e7000 	C:\Windows\system32\USER32.dll
0x00007ffcc22e0000 - 0x00007ffcc255a000 	C:\Windows\WinSxS\amd64_microsoft.windows.common-controls_6595b64144ccf1df_6.0.9600.17810_none_6240b9c7ecbd0bda\COMCTL32.dll
0x00007ffcc71c0000 - 0x00007ffcc726a000 	C:\Windows\system32\msvcrt.dll
0x00007ffcc7050000 - 0x00007ffcc70a9000 	C:\Windows\SYSTEM32\sechost.dll
0x00007ffcc73f0000 - 0x00007ffcc7531000 	C:\Windows\system32\RPCRT4.dll
0x00007ffcc4f90000 - 0x00007ffcc50e1000 	C:\Windows\system32\GDI32.dll
0x00007ffcc7180000 - 0x00007ffcc71b6000 	C:\Windows\system32\IMM32.DLL
0x00007ffcc4c90000 - 0x00007ffcc4de2000 	C:\Windows\system32\MSCTF.dll
0x0000000051710000 - 0x00000000517e2000 	C:\Users\Nermina Cergic\Downloads\android-studio-ide-145.3225885-windows\android-studio\jre\jre\bin\msvcr100.dll
0x00000000517f0000 - 0x0000000052024000 	C:\Users\Nermina Cergic\Downloads\android-studio-ide-145.3225885-windows\android-studio\jre\jre\bin\server\jvm.dll
0x00007ffcc0d90000 - 0x00007ffcc0d99000 	C:\Windows\SYSTEM32\WSOCK32.dll
0x00007ffcbcef0000 - 0x00007ffcbcf12000 	C:\Windows\SYSTEM32\WINMM.dll
0x00007ffcc21a0000 - 0x00007ffcc21aa000 	C:\Windows\SYSTEM32\VERSION.dll
0x00007ffcc68e0000 - 0x00007ffcc68e7000 	C:\Windows\system32\PSAPI.DLL
0x00007ffcc6ff0000 - 0x00007ffcc704a000 	C:\Windows\system32\WS2_32.dll
0x00007ffcbcec0000 - 0x00007ffcbceea000 	C:\Windows\SYSTEM32\WINMMBASE.dll
0x00007ffcc7540000 - 0x00007ffcc7549000 	C:\Windows\system32\NSI.dll
0x00007ffcc4770000 - 0x00007ffcc47bf000 	C:\Windows\SYSTEM32\cfgmgr32.dll
0x00007ffcc34b0000 - 0x00007ffcc34d8000 	C:\Windows\SYSTEM32\DEVOBJ.dll
0x00007ffcc0b90000 - 0x00007ffcc0b9f000 	C:\Users\Nermina Cergic\Downloads\android-studio-ide-145.3225885-windows\android-studio\jre\jre\bin\verify.dll
0x00007ffcb25b0000 - 0x00007ffcb25d9000 	C:\Users\Nermina Cergic\Downloads\android-studio-ide-145.3225885-windows\android-studio\jre\jre\bin\java.dll
0x00007ffcb2760000 - 0x00007ffcb2776000 	C:\Users\Nermina Cergic\Downloads\android-studio-ide-145.3225885-windows\android-studio\jre\jre\bin\zip.dll
0x00007ffcc53b0000 - 0x00007ffcc68c9000 	C:\Windows\system32\SHELL32.dll
0x00007ffcc68f0000 - 0x00007ffcc6b01000 	C:\Windows\SYSTEM32\combase.dll
0x00007ffcc4df0000 - 0x00007ffcc4e44000 	C:\Windows\system32\SHLWAPI.dll
0x00007ffcc2bf0000 - 0x00007ffcc2ca2000 	C:\Windows\SYSTEM32\SHCORE.dll
0x00007ffcc46a0000 - 0x00007ffcc46b5000 	C:\Windows\SYSTEM32\profapi.dll

VM Arguments:
jvm_args: -Djava.awt.headless=true -Xmx1024M -Dfile.encoding=windows-1250 -Duser.country=US -Duser.language=en -Duser.variant 
java_command: com.android.dx.command.Main --dex --num-threads=4 --output C:\Users\Nermina Cergic\AndroidStudioProjects\Wurth_Android_APP\WURTH\build\intermediates\pre-dexed\debug\core-3.3.0_1873f97e846b1d2e3a48694b7bc76a2556e06fd8.jar C:\Users\Nermina Cergic\.gradle\caches\modules-2\files-2.1\com.google.zxing\core\3.3.0\73c49077166faa4c3c0059c5f583d1d7bd1475fe\core-3.3.0.jar
java_class_path (initial): C:\Users\Nermina Cergic\AppData\Local\Android\sdk\build-tools\23.0.2\lib\dx.jar
Launcher Type: SUN_STANDARD

Environment Variables:
PATH=C:\ProgramData\Oracle\Java\javapath;C:\Windows\system32;C:\Windows;C:\Windows\System32\Wbem;C:\Windows\System32\WindowsPowerShell\v1.0\;C:\Program Files (x86)\ATI Technologies\ATI.ACE\Core-Static;C:\Program Files (x86)\Windows Kits\8.1\Windows Performance Toolkit\;C:\Program Files\Microsoft SQL Server\110\Tools\Binn\;C:\Program Files (x86)\Microsoft SDKs\TypeScript\1.0\;C:\Program Files\Microsoft SQL Server\120\Tools\Binn\;C:\Program Files\Microsoft SQL Server\120\DTS\Binn\;C:\Program Files\Microsoft SQL Server\Client SDK\ODBC\110\Tools\Binn\;C:\Program Files (x86)\Microsoft SQL Server\120\Tools\Binn\ManagementStudio\;C:\Program Files (x86)\Microsoft SQL Server\120\Tools\Binn\;C:\Program Files (x86)\Microsoft SQL Server\120\DTS\Binn\;C:\Program Files (x86)\Git\cmd\;C:\Program Files (x86)\Skype\Phone\;C:\Program Files (x86)\nodejs\; C:\Python27;c:\Program Files (x86)\Microsoft SQL Server\100\Tools\Binn\;c:\Program Files\Microsoft SQL Server\100\Tools\Binn\;c:\Program Files\Microsoft SQL Server\100\DTS\Binn\;C:\Program Files (x86)\MySQL\MySQL Fabric 1.5 & MySQL Utilities 1.5\;C:\Program Files (x86)\MySQL\MySQL Fabric 1.5 & MySQL Utilities 1.5\Doctrine extensions for PHP\;C:\Users\Nermina Cergic\AppData\Roaming\npm;
USERNAME=Nermina Cergic
OS=Windows_NT
PROCESSOR_IDENTIFIER=Intel64 Family 6 Model 42 Stepping 7, GenuineIntel



---------------  S Y S T E M  ---------------

OS: Windows 8.1 , 64 bit Build 9600 (6.3.9600.17415)

CPU:total 4 (2 cores per cpu, 2 threads per core) family 6 model 42 stepping 7, cmov, cx8, fxsr, mmx, sse, sse2, sse3, ssse3, sse4.1, sse4.2, popcnt, avx, clmul, ht, tsc, tscinvbit

Memory: 4k page, physical 6224236k(838416k free), swap 14338660k(4844k free)

vm_info: OpenJDK 64-Bit Server VM (25.76-b03) for windows-amd64 JRE (1.8.0_76-release-b03), built on Jun 29 2016 19:09:20 by "ralucas" with MS VC++ 10.0 (VS2010)

time: Thu Oct 20 10:42:52 2016
elapsed time: 11 seconds (0d 0h 0m 11s)

