#
# There is insufficient memory for the Java Runtime Environment to continue.
# Native memory allocation (malloc) failed to allocate 131088 bytes for Chunk::new
# Possible reasons:
#   The system is out of physical RAM or swap space
#   In 32 bit mode, the process size limit was hit
# Possible solutions:
#   Reduce memory load on the system
#   Increase physical memory or swap space
#   Check if swap backing store is full
#   Use 64 bit Java on a 64 bit OS
#   Decrease Java heap size (-Xmx/-Xms)
#   Decrease number of Java threads
#   Decrease Java thread stack sizes (-Xss)
#   Set larger code cache with -XX:ReservedCodeCacheSize=
# This output file may be truncated or incomplete.
#
#  Out of Memory Error (allocation.cpp:390), pid=534236, tid=0x00000000000820bc
#
# JRE version: OpenJDK Runtime Environment (8.0_76-b03) (build 1.8.0_76-release-b03)
# Java VM: OpenJDK 64-Bit Server VM (25.76-b03 mixed mode windows-amd64 compressed oops)
# Failed to write core dump. Minidumps are not enabled by default on client versions of Windows
#

---------------  T H R E A D  ---------------

Current thread (0x00000000149bf000):  JavaThread "C2 CompilerThread0" daemon [_thread_in_native, id=532668, stack(0x00000000160b0000,0x00000000161b0000)]

Stack: [0x00000000160b0000,0x00000000161b0000]
[error occurred during error reporting (printing stack bounds), id 0xc0000005]

Native frames: (J=compiled Java code, j=interpreted, Vv=VM code, C=native code)


Current CompileTask:
C2:  11371 1920       4       com.android.dx.ssa.SsaConverter::placePhiFunctions (394 bytes)


---------------  P R O C E S S  ---------------

Java Threads: ( => current thread )
  0x0000000016672000 JavaThread "pool-1-thread-4" [_thread_in_Java, id=531424, stack(0x0000000016db0000,0x0000000016eb0000)]
  0x0000000016671000 JavaThread "pool-1-thread-3" [_thread_in_Java, id=533860, stack(0x0000000016cb0000,0x0000000016db0000)]
  0x000000001666f800 JavaThread "pool-1-thread-2" [_thread_in_Java, id=532736, stack(0x0000000016bb0000,0x0000000016cb0000)]
  0x0000000016665800 JavaThread "pool-2-thread-1" [_thread_blocked, id=533572, stack(0x0000000016ab0000,0x0000000016bb0000)]
  0x0000000016665000 JavaThread "pool-1-thread-1" [_thread_in_Java, id=533532, stack(0x00000000169b0000,0x0000000016ab0000)]
  0x00000000163b4000 JavaThread "Service Thread" daemon [_thread_blocked, id=533796, stack(0x00000000167b0000,0x00000000168b0000)]
  0x0000000014a1d800 JavaThread "C1 CompilerThread2" daemon [_thread_blocked, id=534352, stack(0x00000000162b0000,0x00000000163b0000)]
  0x0000000014a17000 JavaThread "C2 CompilerThread1" daemon [_thread_in_native, id=531488, stack(0x00000000161b0000,0x00000000162b0000)]
=>0x00000000149bf000 JavaThread "C2 CompilerThread0" daemon [_thread_in_native, id=532668, stack(0x00000000160b0000,0x00000000161b0000)]
  0x00000000149bc800 JavaThread "Attach Listener" daemon [_thread_blocked, id=6492, stack(0x0000000015fb0000,0x00000000160b0000)]
  0x00000000149bb800 JavaThread "Signal Dispatcher" daemon [_thread_blocked, id=533600, stack(0x0000000015eb0000,0x0000000015fb0000)]
  0x00000000149a7800 JavaThread "Finalizer" daemon [_thread_blocked, id=534324, stack(0x0000000015c30000,0x0000000015d30000)]
  0x0000000014986800 JavaThread "Reference Handler" daemon [_thread_blocked, id=534320, stack(0x0000000015b30000,0x0000000015c30000)]
  0x000000000211e000 JavaThread "main" [_thread_in_Java, id=534252, stack(0x0000000002010000,0x0000000002110000)]

Other Threads:
  0x0000000014984800 VMThread [stack: 0x0000000015a30000,0x0000000015b30000] [id=534240]
  0x00000000163b6800 WatcherThread [stack: 0x00000000168b0000,0x00000000169b0000] [id=534396]

VM state:not at safepoint (normal execution)

VM Mutex/Monitor currently owned by a thread: None

Heap:
 PSYoungGen      total 53248K, used 30973K [0x00000000eab00000, 0x00000000ee300000, 0x0000000100000000)
  eden space 49152K, 54% used [0x00000000eab00000,0x00000000ec5411f8,0x00000000edb00000)
  from space 4096K, 99% used [0x00000000edb00000,0x00000000edefe388,0x00000000edf00000)
  to   space 4096K, 0% used [0x00000000edf00000,0x00000000edf00000,0x00000000ee300000)
 ParOldGen       total 65536K, used 19554K [0x00000000c0000000, 0x00000000c4000000, 0x00000000eab00000)
  object space 65536K, 29% used [0x00000000c0000000,0x00000000c1318a20,0x00000000c4000000)
 Metaspace       used 6197K, capacity 7088K, committed 7296K, reserved 1056768K
  class space    used 577K, capacity 616K, committed 640K, reserved 1048576K

Card table byte_map: [0x00000000116b0000,0x00000000118c0000] byte_map_base: 0x00000000110b0000

Marking Bits: (ParMarkBitMap*) 0x0000000051fa9d00
 Begin Bits: [0x0000000011e20000, 0x0000000012e20000)
 End Bits:   [0x0000000012e20000, 0x0000000013e20000)

Polling page: 0x0000000002120000

CodeCache: size=245760Kb used=8421Kb max_used=8421Kb free=237338Kb
 bounds [0x00000000022f0000, 0x0000000002b40000, 0x00000000112f0000]
 total_blobs=2123 nmethods=1855 adapters=182
 compilation: enabled

Compilation events (10 events):
Event: 11.240 Thread 0x0000000014a1d800 1939       3       com.android.dx.rop.code.CstInsn::contentEquals (31 bytes)
Event: 11.241 Thread 0x0000000014a1d800 nmethod 1939 0x0000000002adc4d0 code [0x0000000002adc660, 0x0000000002adcaf8]
Event: 11.248 Thread 0x0000000014a1d800 1940       3       java.lang.String::lastIndexOf (151 bytes)
Event: 11.249 Thread 0x0000000014a1d800 nmethod 1940 0x0000000002b1dd10 code [0x0000000002b1dec0, 0x0000000002b1e410]
Event: 11.252 Thread 0x0000000014a1d800 1941   !   3       com.android.dx.cf.cst.ConstantPoolParser::determineOffsets (285 bytes)
Event: 11.255 Thread 0x0000000014a1d800 nmethod 1941 0x0000000002b22450 code [0x0000000002b227e0, 0x0000000002b242d8]
Event: 11.255 Thread 0x0000000014a1d800 1942       3       com.android.dx.cf.cst.ConstantPoolParser::parse (365 bytes)
Event: 11.260 Thread 0x0000000014a1d800 nmethod 1942 0x0000000002b2c9d0 code [0x0000000002b2cf40, 0x0000000002b30448]
Event: 11.272 Thread 0x0000000014a1d800 1943       1       com.android.dx.cf.attrib.AttSignature::getSignature (5 bytes)
Event: 11.272 Thread 0x0000000014a1d800 nmethod 1943 0x0000000002ae6b50 code [0x0000000002ae6ca0, 0x0000000002ae6db0]

GC Heap History (10 events):
Event: 3.162 GC heap before
{Heap before GC invocations=1 (full 0):
 PSYoungGen      total 28672K, used 24576K [0x00000000eab00000, 0x00000000ecb00000, 0x0000000100000000)
  eden space 24576K, 100% used [0x00000000eab00000,0x00000000ec300000,0x00000000ec300000)
  from space 4096K, 0% used [0x00000000ec700000,0x00000000ec700000,0x00000000ecb00000)
  to   space 4096K, 0% used [0x00000000ec300000,0x00000000ec300000,0x00000000ec700000)
 ParOldGen       total 65536K, used 0K [0x00000000c0000000, 0x00000000c4000000, 0x00000000eab00000)
  object space 65536K, 0% used [0x00000000c0000000,0x00000000c0000000,0x00000000c4000000)
 Metaspace       used 5803K, capacity 6768K, committed 7040K, reserved 1056768K
  class space    used 574K, capacity 616K, committed 640K, reserved 1048576K
Event: 3.174 GC heap after
Heap after GC invocations=1 (full 0):
 PSYoungGen      total 28672K, used 4077K [0x00000000eab00000, 0x00000000ecb00000, 0x0000000100000000)
  eden space 24576K, 0% used [0x00000000eab00000,0x00000000eab00000,0x00000000ec300000)
  from space 4096K, 99% used [0x00000000ec300000,0x00000000ec6fb590,0x00000000ec700000)
  to   space 4096K, 0% used [0x00000000ec700000,0x00000000ec700000,0x00000000ecb00000)
 ParOldGen       total 65536K, used 1313K [0x00000000c0000000, 0x00000000c4000000, 0x00000000eab00000)
  object space 65536K, 2% used [0x00000000c0000000,0x00000000c0148478,0x00000000c4000000)
 Metaspace       used 5803K, capacity 6768K, committed 7040K, reserved 1056768K
  class space    used 574K, capacity 616K, committed 640K, reserved 1048576K
}
Event: 4.511 GC heap before
{Heap before GC invocations=2 (full 0):
 PSYoungGen      total 28672K, used 28653K [0x00000000eab00000, 0x00000000ecb00000, 0x0000000100000000)
  eden space 24576K, 100% used [0x00000000eab00000,0x00000000ec300000,0x00000000ec300000)
  from space 4096K, 99% used [0x00000000ec300000,0x00000000ec6fb590,0x00000000ec700000)
  to   space 4096K, 0% used [0x00000000ec700000,0x00000000ec700000,0x00000000ecb00000)
 ParOldGen       total 65536K, used 1313K [0x00000000c0000000, 0x00000000c4000000, 0x00000000eab00000)
  object space 65536K, 2% used [0x00000000c0000000,0x00000000c0148478,0x00000000c4000000)
 Metaspace       used 6063K, capacity 7024K, committed 7296K, reserved 1056768K
  class space    used 575K, capacity 616K, committed 640K, reserved 1048576K
Event: 4.601 GC heap after
Heap after GC invocations=2 (full 0):
 PSYoungGen      total 28672K, used 4068K [0x00000000eab00000, 0x00000000ee300000, 0x0000000100000000)
  eden space 24576K, 0% used [0x00000000eab00000,0x00000000eab00000,0x00000000ec300000)
  from space 4096K, 99% used [0x00000000ec700000,0x00000000ecaf9300,0x00000000ecb00000)
  to   space 4096K, 0% used [0x00000000ec300000,0x00000000ec300000,0x00000000ec700000)
 ParOldGen       total 65536K, used 3982K [0x00000000c0000000, 0x00000000c4000000, 0x00000000eab00000)
  object space 65536K, 6% used [0x00000000c0000000,0x00000000c03e3920,0x00000000c4000000)
 Metaspace       used 6063K, capacity 7024K, committed 7296K, reserved 1056768K
  class space    used 575K, capacity 616K, committed 640K, reserved 1048576K
}
Event: 5.220 GC heap before
{Heap before GC invocations=3 (full 0):
 PSYoungGen      total 28672K, used 28644K [0x00000000eab00000, 0x00000000ee300000, 0x0000000100000000)
  eden space 24576K, 100% used [0x00000000eab00000,0x00000000ec300000,0x00000000ec300000)
  from space 4096K, 99% used [0x00000000ec700000,0x00000000ecaf9300,0x00000000ecb00000)
  to   space 4096K, 0% used [0x00000000ec300000,0x00000000ec300000,0x00000000ec700000)
 ParOldGen       total 65536K, used 3982K [0x00000000c0000000, 0x00000000c4000000, 0x00000000eab00000)
  object space 65536K, 6% used [0x00000000c0000000,0x00000000c03e3920,0x00000000c4000000)
 Metaspace       used 6130K, capacity 7088K, committed 7296K, reserved 1056768K
  class space    used 575K, capacity 616K, committed 640K, reserved 1048576K
Event: 5.545 GC heap after
Heap after GC invocations=3 (full 0):
 PSYoungGen      total 28672K, used 4069K [0x00000000eab00000, 0x00000000ee300000, 0x0000000100000000)
  eden space 24576K, 0% used [0x00000000eab00000,0x00000000eab00000,0x00000000ec300000)
  from space 4096K, 99% used [0x00000000ec300000,0x00000000ec6f9518,0x00000000ec700000)
  to   space 4096K, 0% used [0x00000000edf00000,0x00000000edf00000,0x00000000ee300000)
 ParOldGen       total 65536K, used 8696K [0x00000000c0000000, 0x00000000c4000000, 0x00000000eab00000)
  object space 65536K, 13% used [0x00000000c0000000,0x00000000c087e2e8,0x00000000c4000000)
 Metaspace       used 6130K, capacity 7088K, committed 7296K, reserved 1056768K
  class space    used 575K, capacity 616K, committed 640K, reserved 1048576K
}
Event: 6.722 GC heap before
{Heap before GC invocations=4 (full 0):
 PSYoungGen      total 28672K, used 28645K [0x00000000eab00000, 0x00000000ee300000, 0x0000000100000000)
  eden space 24576K, 100% used [0x00000000eab00000,0x00000000ec300000,0x00000000ec300000)
  from space 4096K, 99% used [0x00000000ec300000,0x00000000ec6f9518,0x00000000ec700000)
  to   space 4096K, 0% used [0x00000000edf00000,0x00000000edf00000,0x00000000ee300000)
 ParOldGen       total 65536K, used 8696K [0x00000000c0000000, 0x00000000c4000000, 0x00000000eab00000)
  object space 65536K, 13% used [0x00000000c0000000,0x00000000c087e2e8,0x00000000c4000000)
 Metaspace       used 6171K, capacity 7088K, committed 7296K, reserved 1056768K
  class space    used 576K, capacity 616K, committed 640K, reserved 1048576K
Event: 6.912 GC heap after
Heap after GC invocations=4 (full 0):
 PSYoungGen      total 53248K, used 4094K [0x00000000eab00000, 0x00000000ee300000, 0x0000000100000000)
  eden space 49152K, 0% used [0x00000000eab00000,0x00000000eab00000,0x00000000edb00000)
  from space 4096K, 99% used [0x00000000edf00000,0x00000000ee2ff908,0x00000000ee300000)
  to   space 4096K, 0% used [0x00000000edb00000,0x00000000edb00000,0x00000000edf00000)
 ParOldGen       total 65536K, used 12543K [0x00000000c0000000, 0x00000000c4000000, 0x00000000eab00000)
  object space 65536K, 19% used [0x00000000c0000000,0x00000000c0c3ff38,0x00000000c4000000)
 Metaspace       used 6171K, capacity 7088K, committed 7296K, reserved 1056768K
  class space    used 576K, capacity 616K, committed 640K, reserved 1048576K
}
Event: 10.702 GC heap before
{Heap before GC invocations=5 (full 0):
 PSYoungGen      total 53248K, used 53246K [0x00000000eab00000, 0x00000000ee300000, 0x0000000100000000)
  eden space 49152K, 100% used [0x00000000eab00000,0x00000000edb00000,0x00000000edb00000)
  from space 4096K, 99% used [0x00000000edf00000,0x00000000ee2ff908,0x00000000ee300000)
  to   space 4096K, 0% used [0x00000000edb00000,0x00000000edb00000,0x00000000edf00000)
 ParOldGen       total 65536K, used 12543K [0x00000000c0000000, 0x00000000c4000000, 0x00000000eab00000)
  object space 65536K, 19% used [0x00000000c0000000,0x00000000c0c3ff38,0x00000000c4000000)
 Metaspace       used 6190K, capacity 7088K, committed 7296K, reserved 1056768K
  class space    used 577K, capacity 616K, committed 640K, reserved 1048576K
Event: 10.990 GC heap after
Heap after GC invocations=5 (full 0):
 PSYoungGen      total 53248K, used 4088K [0x00000000eab00000, 0x00000000ee300000, 0x0000000100000000)
  eden space 49152K, 0% used [0x00000000eab00000,0x00000000eab00000,0x00000000edb00000)
  from space 4096K, 99% used [0x00000000edb00000,0x00000000edefe388,0x00000000edf00000)
  to   space 4096K, 0% used [0x00000000edf00000,0x00000000edf00000,0x00000000ee300000)
 ParOldGen       total 65536K, used 19554K [0x00000000c0000000, 0x00000000c4000000, 0x00000000eab00000)
  object space 65536K, 29% used [0x00000000c0000000,0x00000000c1318a20,0x00000000c4000000)
 Metaspace       used 6190K, capacity 7088K, committed 7296K, reserved 1056768K
  class space    used 577K, capacity 616K, committed 640K, reserved 1048576K
}

Deoptimization events (10 events):
Event: 8.491 Thread 0x000000001666f800 Uncommon trap: reason=unstable_if action=reinterpret pc=0x0000000002a0df04 method=com.android.dx.rop.code.RegisterSpecSet.localItemToSpec(Lcom/android/dx/rop/code/LocalItem;)Lcom/android/dx/rop/code/RegisterSpec; @ 35
Event: 9.002 Thread 0x000000000211e000 Uncommon trap: reason=unstable_if action=reinterpret pc=0x0000000002a57a40 method=com.android.dx.util.BitIntSet.has(I)Z @ 8
Event: 10.107 Thread 0x000000000211e000 Uncommon trap: reason=unstable_if action=reinterpret pc=0x000000000294c608 method=com.android.dx.rop.code.RegisterSpecSet.localItemToSpec(Lcom/android/dx/rop/code/LocalItem;)Lcom/android/dx/rop/code/RegisterSpec; @ 35
Event: 10.513 Thread 0x000000000211e000 Uncommon trap: reason=class_check action=maybe_recompile pc=0x0000000002a4bb18 method=com.android.dx.cf.code.BaseMachine.addResult(Lcom/android/dx/rop/type/TypeBearer;)V @ 23
Event: 10.513 Thread 0x000000000211e000 Uncommon trap: reason=class_check action=maybe_recompile pc=0x00000000029c70d0 method=com.android.dx.cf.code.RopperMachine.run(Lcom/android/dx/cf/code/Frame;II)V @ 310
Event: 10.516 Thread 0x000000000211e000 Uncommon trap: reason=class_check action=maybe_recompile pc=0x0000000002796844 method=com.android.dx.ssa.SCCP.setLatticeValueTo(IILcom/android/dx/rop/cst/Constant;)Z @ 43
Event: 10.519 Thread 0x000000000211e000 Uncommon trap: reason=class_check action=maybe_recompile pc=0x0000000002796844 method=com.android.dx.ssa.SCCP.setLatticeValueTo(IILcom/android/dx/rop/cst/Constant;)Z @ 43
Event: 11.096 Thread 0x0000000016671000 Uncommon trap: reason=bimorphic action=maybe_recompile pc=0x0000000002897db4 method=com.android.dx.cf.code.BytecodeArray.parseInstruction(ILcom/android/dx/cf/code/BytecodeArray$Visitor;)I @ 2281
Event: 11.096 Thread 0x0000000016671000 Uncommon trap: reason=bimorphic action=maybe_recompile pc=0x0000000002897db4 method=com.android.dx.cf.code.BytecodeArray.parseInstruction(ILcom/android/dx/cf/code/BytecodeArray$Visitor;)I @ 2281
Event: 11.219 Thread 0x000000001666f800 Uncommon trap: reason=bimorphic action=maybe_recompile pc=0x00000000029c7b5c method=com.android.dx.cf.code.RopperMachine.run(Lcom/android/dx/cf/code/Frame;II)V @ 988

Internal exceptions (4 events):
Event: 0.962 Thread 0x000000000211e000 Exception <a 'java/lang/NoSuchMethodError': Method sun.misc.Unsafe.defineClass(Ljava/lang/String;[BII)Ljava/lang/Class; name or signature does not match> (0x00000000eab07cc0) thrown at [C:\src\android\AOSP-openjdk\external\jetbrains\jdk\hotspot\src\share\v¨ÍþA”Çî?
Event: 0.962 Thread 0x000000000211e000 Exception <a 'java/lang/NoSuchMethodError': Method sun.misc.Unsafe.prefetchRead(Ljava/lang/Object;J)V name or signature does not match> (0x00000000eab07fa8) thrown at [C:\src\android\AOSP-openjdk\external\jetbrains\jdk\hotspot\src\share\vm\prims\jni.cpp, lÊér@
Event: 3.931 Thread 0x000000000211e000 Implicit null exception at 0x0000000002739500 to 0x000000000273b835
Event: 5.985 Thread 0x0000000016672000 Implicit null exception at 0x000000000260c422 to 0x000000000260c512

Events (10 events):
Event: 11.096 Thread 0x0000000016671000 DEOPT UNPACKING pc=0x000000000233556a sp=0x0000000016daebf0 mode 2
Event: 11.133 Thread 0x0000000016671000 DEOPT PACKING pc=0x000000000278fca8 sp=0x0000000016daed70
Event: 11.133 Thread 0x0000000016671000 DEOPT UNPACKING pc=0x00000000023375bf sp=0x0000000016daead0 mode 0
Event: 11.134 Thread 0x0000000016671000 DEOPT PACKING pc=0x000000000274e6e8 sp=0x0000000016daecc0
Event: 11.134 Thread 0x0000000016671000 DEOPT UNPACKING pc=0x00000000023375bf sp=0x0000000016daeaf0 mode 0
Event: 11.215 Thread 0x000000001666f800 DEOPT PACKING pc=0x0000000002878c97 sp=0x0000000016caee20
Event: 11.215 Thread 0x000000001666f800 DEOPT UNPACKING pc=0x00000000023375bf sp=0x0000000016caec50 mode 0
Event: 11.219 Thread 0x000000001666f800 Uncommon trap: trap_request=0xffffffc6 fr.pc=0x00000000029c7b5c
Event: 11.219 Thread 0x000000001666f800 DEOPT PACKING pc=0x00000000029c7b5c sp=0x0000000016cae890
Event: 11.219 Thread 0x000000001666f800 DEOPT UNPACKING pc=0x000000000233556a sp=0x0000000016cae858 mode 2


Dynamic libraries:
0x00007ff614e50000 - 0x00007ff614e81000 	C:\Users\Nermina Cergic\Downloads\android-studio-ide-145.3225885-windows\android-studio\jre\bin\java.exe
0x00007ffcc7550000 - 0x00007ffcc76fc000 	C:\Windows\SYSTEM32\ntdll.dll
0x00007ffcc4e50000 - 0x00007ffcc4f8e000 	C:\Windows\system32\KERNEL32.DLL
0x00007ffcc4ab0000 - 0x00007ffcc4bc5000 	C:\Windows\system32\KERNELBASE.dll
0x00007ffcc4bd0000 - 0x00007ffcc4c7a000 	C:\Windows\system32\ADVAPI32.dll
0x00007ffcc7270000 - 0x00007ffcc73e7000 	C:\Windows\system32\USER32.dll
0x00007ffcc22e0000 - 0x00007ffcc255a000 	C:\Windows\WinSxS\amd64_microsoft.windows.common-controls_6595b64144ccf1df_6.0.9600.17810_none_6240b9c7ecbd0bda\COMCTL32.dll
0x00007ffcc71c0000 - 0x00007ffcc726a000 	C:\Windows\system32\msvcrt.dll
0x00007ffcc7050000 - 0x00007ffcc70a9000 	C:\Windows\SYSTEM32\sechost.dll
0x00007ffcc73f0000 - 0x00007ffcc7531000 	C:\Windows\system32\RPCRT4.dll
0x00007ffcc4f90000 - 0x00007ffcc50e1000 	C:\Windows\system32\GDI32.dll
0x00007ffcc7180000 - 0x00007ffcc71b6000 	C:\Windows\system32\IMM32.DLL
0x00007ffcc4c90000 - 0x00007ffcc4de2000 	C:\Windows\system32\MSCTF.dll
0x0000000051710000 - 0x00000000517e2000 	C:\Users\Nermina Cergic\Downloads\android-studio-ide-145.3225885-windows\android-studio\jre\jre\bin\msvcr100.dll
0x00000000517f0000 - 0x0000000052024000 	C:\Users\Nermina Cergic\Downloads\android-studio-ide-145.3225885-windows\android-studio\jre\jre\bin\server\jvm.dll
0x00007ffcc0d90000 - 0x00007ffcc0d99000 	C:\Windows\SYSTEM32\WSOCK32.dll
0x00007ffcbcef0000 - 0x00007ffcbcf12000 	C:\Windows\SYSTEM32\WINMM.dll
0x00007ffcc21a0000 - 0x00007ffcc21aa000 	C:\Windows\SYSTEM32\VERSION.dll
0x00007ffcc68e0000 - 0x00007ffcc68e7000 	C:\Windows\system32\PSAPI.DLL
0x00007ffcc6ff0000 - 0x00007ffcc704a000 	C:\Windows\system32\WS2_32.dll
0x00007ffcbcec0000 - 0x00007ffcbceea000 	C:\Windows\SYSTEM32\WINMMBASE.dll
0x00007ffcc7540000 - 0x00007ffcc7549000 	C:\Windows\system32\NSI.dll
0x00007ffcc4770000 - 0x00007ffcc47bf000 	C:\Windows\SYSTEM32\cfgmgr32.dll
0x00007ffcc34b0000 - 0x00007ffcc34d8000 	C:\Windows\SYSTEM32\DEVOBJ.dll
0x00007ffcc0b90000 - 0x00007ffcc0b9f000 	C:\Users\Nermina Cergic\Downloads\android-studio-ide-145.3225885-windows\android-studio\jre\jre\bin\verify.dll
0x00007ffcb25b0000 - 0x00007ffcb25d9000 	C:\Users\Nermina Cergic\Downloads\android-studio-ide-145.3225885-windows\android-studio\jre\jre\bin\java.dll
0x00007ffcb2760000 - 0x00007ffcb2776000 	C:\Users\Nermina Cergic\Downloads\android-studio-ide-145.3225885-windows\android-studio\jre\jre\bin\zip.dll
0x00007ffcc53b0000 - 0x00007ffcc68c9000 	C:\Windows\system32\SHELL32.dll
0x00007ffcc68f0000 - 0x00007ffcc6b01000 	C:\Windows\SYSTEM32\combase.dll
0x00007ffcc4df0000 - 0x00007ffcc4e44000 	C:\Windows\system32\SHLWAPI.dll
0x00007ffcc2bf0000 - 0x00007ffcc2ca2000 	C:\Windows\SYSTEM32\SHCORE.dll
0x00007ffcc46a0000 - 0x00007ffcc46b5000 	C:\Windows\SYSTEM32\profapi.dll

VM Arguments:
jvm_args: -Djava.awt.headless=true -Xmx1024M -Dfile.encoding=windows-1250 -Duser.country=US -Duser.language=en -Duser.variant 
java_command: com.android.dx.command.Main --dex --num-threads=4 --output C:\Users\Nermina Cergic\AndroidStudioProjects\Wurth_Android_APP\WURTH\build\intermediates\pre-dexed\debug\jackson-databind-2.8.4_799d0872fd8ea433a2b6d00e8d0b7856c68e70ad.jar C:\Users\Nermina Cergic\.gradle\caches\modules-2\files-2.1\com.fasterxml.jackson.core\jackson-databind\2.8.4\1c36c81e79cacdf48116afba8495e3393d267ba1\jackson-databind-2.8.4.jar
java_class_path (initial): C:\Users\Nermina Cergic\AppData\Local\Android\sdk\build-tools\23.0.2\lib\dx.jar
Launcher Type: SUN_STANDARD

Environment Variables:
PATH=C:\ProgramData\Oracle\Java\javapath;C:\Windows\system32;C:\Windows;C:\Windows\System32\Wbem;C:\Windows\System32\WindowsPowerShell\v1.0\;C:\Program Files (x86)\ATI Technologies\ATI.ACE\Core-Static;C:\Program Files (x86)\Windows Kits\8.1\Windows Performance Toolkit\;C:\Program Files\Microsoft SQL Server\110\Tools\Binn\;C:\Program Files (x86)\Microsoft SDKs\TypeScript\1.0\;C:\Program Files\Microsoft SQL Server\120\Tools\Binn\;C:\Program Files\Microsoft SQL Server\120\DTS\Binn\;C:\Program Files\Microsoft SQL Server\Client SDK\ODBC\110\Tools\Binn\;C:\Program Files (x86)\Microsoft SQL Server\120\Tools\Binn\ManagementStudio\;C:\Program Files (x86)\Microsoft SQL Server\120\Tools\Binn\;C:\Program Files (x86)\Microsoft SQL Server\120\DTS\Binn\;C:\Program Files (x86)\Git\cmd\;C:\Program Files (x86)\Skype\Phone\;C:\Program Files (x86)\nodejs\; C:\Python27;c:\Program Files (x86)\Microsoft SQL Server\100\Tools\Binn\;c:\Program Files\Microsoft SQL Server\100\Tools\Binn\;c:\Program Files\Microsoft SQL Server\100\DTS\Binn\;C:\Program Files (x86)\MySQL\MySQL Fabric 1.5 & MySQL Utilities 1.5\;C:\Program Files (x86)\MySQL\MySQL Fabric 1.5 & MySQL Utilities 1.5\Doctrine extensions for PHP\;C:\Users\Nermina Cergic\AppData\Roaming\npm;
USERNAME=Nermina Cergic
OS=Windows_NT
PROCESSOR_IDENTIFIER=Intel64 Family 6 Model 42 Stepping 7, GenuineIntel



---------------  S Y S T E M  ---------------

OS: Windows 8.1 , 64 bit Build 9600 (6.3.9600.17415)

CPU:total 4 (2 cores per cpu, 2 threads per core) family 6 model 42 stepping 7, cmov, cx8, fxsr, mmx, sse, sse2, sse3, ssse3, sse4.1, sse4.2, popcnt, avx, clmul, ht, tsc, tscinvbit

Memory: 4k page, physical 6224236k(841452k free), swap 14338660k(5344k free)

vm_info: OpenJDK 64-Bit Server VM (25.76-b03) for windows-amd64 JRE (1.8.0_76-release-b03), built on Jun 29 2016 19:09:20 by "ralucas" with MS VC++ 10.0 (VS2010)

time: Thu Oct 20 10:42:52 2016
elapsed time: 11 seconds (0d 0h 0m 11s)

